Detecting C OpenMP failed with the following output:
Change Dir: /Users/daweishi/Desktop/temp/singleeyefitter/spii/src/spii-build/CMakeFiles/CMakeTmp

Run Build Command(s):/usr/bin/make cmTC_bd56f/fast && /Applications/Xcode.app/Contents/Developer/usr/bin/make -f CMakeFiles/cmTC_bd56f.dir/build.make CMakeFiles/cmTC_bd56f.dir/build
Building C object CMakeFiles/cmTC_bd56f.dir/OpenMPTryFlag.c.o
/Applications/Xcode.app/Contents/Developer/Toolchains/XcodeDefault.xctoolchain/usr/bin/cc   -fopenmp=libomp -v -isysroot /Applications/Xcode.app/Contents/Developer/Platforms/MacOSX.platform/Developer/SDKs/MacOSX10.15.sdk   -o CMakeFiles/cmTC_bd56f.dir/OpenMPTryFlag.c.o   -c /Users/daweishi/Desktop/temp/singleeyefitter/spii/src/spii-build/CMakeFiles/FindOpenMP/OpenMPTryFlag.c
Apple clang version 11.0.0 (clang-1100.0.33.17)
Target: x86_64-apple-darwin19.2.0
Thread model: posix
InstalledDir: /Applications/Xcode.app/Contents/Developer/Toolchains/XcodeDefault.xctoolchain/usr/bin
clang: error: unsupported argument 'libomp' to option 'fopenmp='
make[4]: *** [CMakeFiles/cmTC_bd56f.dir/OpenMPTryFlag.c.o] Error 1
make[3]: *** [cmTC_bd56f/fast] Error 2



Detecting C OpenMP failed with the following output:
Change Dir: /Users/daweishi/Desktop/temp/singleeyefitter/spii/src/spii-build/CMakeFiles/CMakeTmp

Run Build Command(s):/usr/bin/make cmTC_81753/fast && /Applications/Xcode.app/Contents/Developer/usr/bin/make -f CMakeFiles/cmTC_81753.dir/build.make CMakeFiles/cmTC_81753.dir/build
Building C object CMakeFiles/cmTC_81753.dir/OpenMPTryFlag.c.o
/Applications/Xcode.app/Contents/Developer/Toolchains/XcodeDefault.xctoolchain/usr/bin/cc   -fopenmp=libiomp5 -v -isysroot /Applications/Xcode.app/Contents/Developer/Platforms/MacOSX.platform/Developer/SDKs/MacOSX10.15.sdk   -o CMakeFiles/cmTC_81753.dir/OpenMPTryFlag.c.o   -c /Users/daweishi/Desktop/temp/singleeyefitter/spii/src/spii-build/CMakeFiles/FindOpenMP/OpenMPTryFlag.c
Apple clang version 11.0.0 (clang-1100.0.33.17)
Target: x86_64-apple-darwin19.2.0
Thread model: posix
InstalledDir: /Applications/Xcode.app/Contents/Developer/Toolchains/XcodeDefault.xctoolchain/usr/bin
clang: error: unsupported argument 'libiomp5' to option 'fopenmp='
make[4]: *** [CMakeFiles/cmTC_81753.dir/OpenMPTryFlag.c.o] Error 1
make[3]: *** [cmTC_81753/fast] Error 2



Detecting C OpenMP failed with the following output:
Change Dir: /Users/daweishi/Desktop/temp/singleeyefitter/spii/src/spii-build/CMakeFiles/CMakeTmp

Run Build Command(s):/usr/bin/make cmTC_bd598/fast && /Applications/Xcode.app/Contents/Developer/usr/bin/make -f CMakeFiles/cmTC_bd598.dir/build.make CMakeFiles/cmTC_bd598.dir/build
Building C object CMakeFiles/cmTC_bd598.dir/OpenMPTryFlag.c.o
/Applications/Xcode.app/Contents/Developer/Toolchains/XcodeDefault.xctoolchain/usr/bin/cc   -fopenmp -v -isysroot /Applications/Xcode.app/Contents/Developer/Platforms/MacOSX.platform/Developer/SDKs/MacOSX10.15.sdk   -o CMakeFiles/cmTC_bd598.dir/OpenMPTryFlag.c.o   -c /Users/daweishi/Desktop/temp/singleeyefitter/spii/src/spii-build/CMakeFiles/FindOpenMP/OpenMPTryFlag.c
Apple clang version 11.0.0 (clang-1100.0.33.17)
Target: x86_64-apple-darwin19.2.0
Thread model: posix
InstalledDir: /Applications/Xcode.app/Contents/Developer/Toolchains/XcodeDefault.xctoolchain/usr/bin
clang: error: unsupported option '-fopenmp'
make[4]: *** [CMakeFiles/cmTC_bd598.dir/OpenMPTryFlag.c.o] Error 1
make[3]: *** [cmTC_bd598/fast] Error 2



Detecting CXX OpenMP failed with the following output:
Change Dir: /Users/daweishi/Desktop/temp/singleeyefitter/spii/src/spii-build/CMakeFiles/CMakeTmp

Run Build Command(s):/usr/bin/make cmTC_f1397/fast && /Applications/Xcode.app/Contents/Developer/usr/bin/make -f CMakeFiles/cmTC_f1397.dir/build.make CMakeFiles/cmTC_f1397.dir/build
Building CXX object CMakeFiles/cmTC_f1397.dir/OpenMPTryFlag.cpp.o
/Applications/Xcode.app/Contents/Developer/Toolchains/XcodeDefault.xctoolchain/usr/bin/c++    -fopenmp=libomp -v -isysroot /Applications/Xcode.app/Contents/Developer/Platforms/MacOSX.platform/Developer/SDKs/MacOSX10.15.sdk   -o CMakeFiles/cmTC_f1397.dir/OpenMPTryFlag.cpp.o -c /Users/daweishi/Desktop/temp/singleeyefitter/spii/src/spii-build/CMakeFiles/FindOpenMP/OpenMPTryFlag.cpp
Apple clang version 11.0.0 (clang-1100.0.33.17)
Target: x86_64-apple-darwin19.2.0
Thread model: posix
InstalledDir: /Applications/Xcode.app/Contents/Developer/Toolchains/XcodeDefault.xctoolchain/usr/bin
clang: error: unsupported argument 'libomp' to option 'fopenmp='
make[4]: *** [CMakeFiles/cmTC_f1397.dir/OpenMPTryFlag.cpp.o] Error 1
make[3]: *** [cmTC_f1397/fast] Error 2



Detecting CXX OpenMP failed with the following output:
Change Dir: /Users/daweishi/Desktop/temp/singleeyefitter/spii/src/spii-build/CMakeFiles/CMakeTmp

Run Build Command(s):/usr/bin/make cmTC_d92a2/fast && /Applications/Xcode.app/Contents/Developer/usr/bin/make -f CMakeFiles/cmTC_d92a2.dir/build.make CMakeFiles/cmTC_d92a2.dir/build
Building CXX object CMakeFiles/cmTC_d92a2.dir/OpenMPTryFlag.cpp.o
/Applications/Xcode.app/Contents/Developer/Toolchains/XcodeDefault.xctoolchain/usr/bin/c++    -fopenmp=libiomp5 -v -isysroot /Applications/Xcode.app/Contents/Developer/Platforms/MacOSX.platform/Developer/SDKs/MacOSX10.15.sdk   -o CMakeFiles/cmTC_d92a2.dir/OpenMPTryFlag.cpp.o -c /Users/daweishi/Desktop/temp/singleeyefitter/spii/src/spii-build/CMakeFiles/FindOpenMP/OpenMPTryFlag.cpp
Apple clang version 11.0.0 (clang-1100.0.33.17)
Target: x86_64-apple-darwin19.2.0
Thread model: posix
InstalledDir: /Applications/Xcode.app/Contents/Developer/Toolchains/XcodeDefault.xctoolchain/usr/bin
clang: error: unsupported argument 'libiomp5' to option 'fopenmp='
make[4]: *** [CMakeFiles/cmTC_d92a2.dir/OpenMPTryFlag.cpp.o] Error 1
make[3]: *** [cmTC_d92a2/fast] Error 2



Detecting CXX OpenMP failed with the following output:
Change Dir: /Users/daweishi/Desktop/temp/singleeyefitter/spii/src/spii-build/CMakeFiles/CMakeTmp

Run Build Command(s):/usr/bin/make cmTC_97d4c/fast && /Applications/Xcode.app/Contents/Developer/usr/bin/make -f CMakeFiles/cmTC_97d4c.dir/build.make CMakeFiles/cmTC_97d4c.dir/build
Building CXX object CMakeFiles/cmTC_97d4c.dir/OpenMPTryFlag.cpp.o
/Applications/Xcode.app/Contents/Developer/Toolchains/XcodeDefault.xctoolchain/usr/bin/c++    -fopenmp -v -isysroot /Applications/Xcode.app/Contents/Developer/Platforms/MacOSX.platform/Developer/SDKs/MacOSX10.15.sdk   -o CMakeFiles/cmTC_97d4c.dir/OpenMPTryFlag.cpp.o -c /Users/daweishi/Desktop/temp/singleeyefitter/spii/src/spii-build/CMakeFiles/FindOpenMP/OpenMPTryFlag.cpp
Apple clang version 11.0.0 (clang-1100.0.33.17)
Target: x86_64-apple-darwin19.2.0
Thread model: posix
InstalledDir: /Applications/Xcode.app/Contents/Developer/Toolchains/XcodeDefault.xctoolchain/usr/bin
clang: error: unsupported option '-fopenmp'
make[4]: *** [CMakeFiles/cmTC_97d4c.dir/OpenMPTryFlag.cpp.o] Error 1
make[3]: *** [cmTC_97d4c/fast] Error 2



Detecting C OpenMP failed with the following output:
Change Dir: /Users/daweishi/Desktop/temp/singleeyefitter/spii/src/spii-build/CMakeFiles/CMakeTmp

Run Build Command(s):/usr/bin/make cmTC_a1f4e/fast && /Applications/Xcode.app/Contents/Developer/usr/bin/make -f CMakeFiles/cmTC_a1f4e.dir/build.make CMakeFiles/cmTC_a1f4e.dir/build
Building C object CMakeFiles/cmTC_a1f4e.dir/OpenMPTryFlag.c.o
/Applications/Xcode.app/Contents/Developer/Toolchains/XcodeDefault.xctoolchain/usr/bin/cc   -fopenmp=libomp -v -isysroot /Applications/Xcode.app/Contents/Developer/Platforms/MacOSX.platform/Developer/SDKs/MacOSX10.15.sdk   -o CMakeFiles/cmTC_a1f4e.dir/OpenMPTryFlag.c.o   -c /Users/daweishi/Desktop/temp/singleeyefitter/spii/src/spii-build/CMakeFiles/FindOpenMP/OpenMPTryFlag.c
Apple clang version 11.0.0 (clang-1100.0.33.17)
Target: x86_64-apple-darwin19.2.0
Thread model: posix
InstalledDir: /Applications/Xcode.app/Contents/Developer/Toolchains/XcodeDefault.xctoolchain/usr/bin
clang: error: unsupported argument 'libomp' to option 'fopenmp='
make[4]: *** [CMakeFiles/cmTC_a1f4e.dir/OpenMPTryFlag.c.o] Error 1
make[3]: *** [cmTC_a1f4e/fast] Error 2



Detecting C OpenMP failed with the following output:
Change Dir: /Users/daweishi/Desktop/temp/singleeyefitter/spii/src/spii-build/CMakeFiles/CMakeTmp

Run Build Command(s):/usr/bin/make cmTC_14582/fast && /Applications/Xcode.app/Contents/Developer/usr/bin/make -f CMakeFiles/cmTC_14582.dir/build.make CMakeFiles/cmTC_14582.dir/build
Building C object CMakeFiles/cmTC_14582.dir/OpenMPTryFlag.c.o
/Applications/Xcode.app/Contents/Developer/Toolchains/XcodeDefault.xctoolchain/usr/bin/cc   -fopenmp=libiomp5 -v -isysroot /Applications/Xcode.app/Contents/Developer/Platforms/MacOSX.platform/Developer/SDKs/MacOSX10.15.sdk   -o CMakeFiles/cmTC_14582.dir/OpenMPTryFlag.c.o   -c /Users/daweishi/Desktop/temp/singleeyefitter/spii/src/spii-build/CMakeFiles/FindOpenMP/OpenMPTryFlag.c
Apple clang version 11.0.0 (clang-1100.0.33.17)
Target: x86_64-apple-darwin19.2.0
Thread model: posix
InstalledDir: /Applications/Xcode.app/Contents/Developer/Toolchains/XcodeDefault.xctoolchain/usr/bin
clang: error: unsupported argument 'libiomp5' to option 'fopenmp='
make[4]: *** [CMakeFiles/cmTC_14582.dir/OpenMPTryFlag.c.o] Error 1
make[3]: *** [cmTC_14582/fast] Error 2



Detecting C OpenMP failed with the following output:
Change Dir: /Users/daweishi/Desktop/temp/singleeyefitter/spii/src/spii-build/CMakeFiles/CMakeTmp

Run Build Command(s):/usr/bin/make cmTC_abe7f/fast && /Applications/Xcode.app/Contents/Developer/usr/bin/make -f CMakeFiles/cmTC_abe7f.dir/build.make CMakeFiles/cmTC_abe7f.dir/build
Building C object CMakeFiles/cmTC_abe7f.dir/OpenMPTryFlag.c.o
/Applications/Xcode.app/Contents/Developer/Toolchains/XcodeDefault.xctoolchain/usr/bin/cc   -fopenmp -v -isysroot /Applications/Xcode.app/Contents/Developer/Platforms/MacOSX.platform/Developer/SDKs/MacOSX10.15.sdk   -o CMakeFiles/cmTC_abe7f.dir/OpenMPTryFlag.c.o   -c /Users/daweishi/Desktop/temp/singleeyefitter/spii/src/spii-build/CMakeFiles/FindOpenMP/OpenMPTryFlag.c
Apple clang version 11.0.0 (clang-1100.0.33.17)
Target: x86_64-apple-darwin19.2.0
Thread model: posix
InstalledDir: /Applications/Xcode.app/Contents/Developer/Toolchains/XcodeDefault.xctoolchain/usr/bin
clang: error: unsupported option '-fopenmp'
make[4]: *** [CMakeFiles/cmTC_abe7f.dir/OpenMPTryFlag.c.o] Error 1
make[3]: *** [cmTC_abe7f/fast] Error 2



Detecting CXX OpenMP failed with the following output:
Change Dir: /Users/daweishi/Desktop/temp/singleeyefitter/spii/src/spii-build/CMakeFiles/CMakeTmp

Run Build Command(s):/usr/bin/make cmTC_7c6b3/fast && /Applications/Xcode.app/Contents/Developer/usr/bin/make -f CMakeFiles/cmTC_7c6b3.dir/build.make CMakeFiles/cmTC_7c6b3.dir/build
Building CXX object CMakeFiles/cmTC_7c6b3.dir/OpenMPTryFlag.cpp.o
/Applications/Xcode.app/Contents/Developer/Toolchains/XcodeDefault.xctoolchain/usr/bin/c++    -fopenmp=libomp -v -isysroot /Applications/Xcode.app/Contents/Developer/Platforms/MacOSX.platform/Developer/SDKs/MacOSX10.15.sdk   -o CMakeFiles/cmTC_7c6b3.dir/OpenMPTryFlag.cpp.o -c /Users/daweishi/Desktop/temp/singleeyefitter/spii/src/spii-build/CMakeFiles/FindOpenMP/OpenMPTryFlag.cpp
Apple clang version 11.0.0 (clang-1100.0.33.17)
Target: x86_64-apple-darwin19.2.0
Thread model: posix
InstalledDir: /Applications/Xcode.app/Contents/Developer/Toolchains/XcodeDefault.xctoolchain/usr/bin
clang: error: unsupported argument 'libomp' to option 'fopenmp='
make[4]: *** [CMakeFiles/cmTC_7c6b3.dir/OpenMPTryFlag.cpp.o] Error 1
make[3]: *** [cmTC_7c6b3/fast] Error 2



Detecting CXX OpenMP failed with the following output:
Change Dir: /Users/daweishi/Desktop/temp/singleeyefitter/spii/src/spii-build/CMakeFiles/CMakeTmp

Run Build Command(s):/usr/bin/make cmTC_cb6ca/fast && /Applications/Xcode.app/Contents/Developer/usr/bin/make -f CMakeFiles/cmTC_cb6ca.dir/build.make CMakeFiles/cmTC_cb6ca.dir/build
Building CXX object CMakeFiles/cmTC_cb6ca.dir/OpenMPTryFlag.cpp.o
/Applications/Xcode.app/Contents/Developer/Toolchains/XcodeDefault.xctoolchain/usr/bin/c++    -fopenmp=libiomp5 -v -isysroot /Applications/Xcode.app/Contents/Developer/Platforms/MacOSX.platform/Developer/SDKs/MacOSX10.15.sdk   -o CMakeFiles/cmTC_cb6ca.dir/OpenMPTryFlag.cpp.o -c /Users/daweishi/Desktop/temp/singleeyefitter/spii/src/spii-build/CMakeFiles/FindOpenMP/OpenMPTryFlag.cpp
Apple clang version 11.0.0 (clang-1100.0.33.17)
Target: x86_64-apple-darwin19.2.0
Thread model: posix
InstalledDir: /Applications/Xcode.app/Contents/Developer/Toolchains/XcodeDefault.xctoolchain/usr/bin
clang: error: unsupported argument 'libiomp5' to option 'fopenmp='
make[4]: *** [CMakeFiles/cmTC_cb6ca.dir/OpenMPTryFlag.cpp.o] Error 1
make[3]: *** [cmTC_cb6ca/fast] Error 2



Detecting CXX OpenMP failed with the following output:
Change Dir: /Users/daweishi/Desktop/temp/singleeyefitter/spii/src/spii-build/CMakeFiles/CMakeTmp

Run Build Command(s):/usr/bin/make cmTC_ba4ab/fast && /Applications/Xcode.app/Contents/Developer/usr/bin/make -f CMakeFiles/cmTC_ba4ab.dir/build.make CMakeFiles/cmTC_ba4ab.dir/build
Building CXX object CMakeFiles/cmTC_ba4ab.dir/OpenMPTryFlag.cpp.o
/Applications/Xcode.app/Contents/Developer/Toolchains/XcodeDefault.xctoolchain/usr/bin/c++    -fopenmp -v -isysroot /Applications/Xcode.app/Contents/Developer/Platforms/MacOSX.platform/Developer/SDKs/MacOSX10.15.sdk   -o CMakeFiles/cmTC_ba4ab.dir/OpenMPTryFlag.cpp.o -c /Users/daweishi/Desktop/temp/singleeyefitter/spii/src/spii-build/CMakeFiles/FindOpenMP/OpenMPTryFlag.cpp
Apple clang version 11.0.0 (clang-1100.0.33.17)
Target: x86_64-apple-darwin19.2.0
Thread model: posix
InstalledDir: /Applications/Xcode.app/Contents/Developer/Toolchains/XcodeDefault.xctoolchain/usr/bin
clang: error: unsupported option '-fopenmp'
make[4]: *** [CMakeFiles/cmTC_ba4ab.dir/OpenMPTryFlag.cpp.o] Error 1
make[3]: *** [cmTC_ba4ab/fast] Error 2



Detecting C OpenMP failed with the following output:
Change Dir: /Users/daweishi/Desktop/temp/singleeyefitter/spii/src/spii-build/CMakeFiles/CMakeTmp

Run Build Command(s):/usr/bin/make cmTC_3faf6/fast && /Applications/Xcode.app/Contents/Developer/usr/bin/make -f CMakeFiles/cmTC_3faf6.dir/build.make CMakeFiles/cmTC_3faf6.dir/build
Building C object CMakeFiles/cmTC_3faf6.dir/OpenMPTryFlag.c.o
/Applications/Xcode.app/Contents/Developer/Toolchains/XcodeDefault.xctoolchain/usr/bin/cc   -fopenmp=libomp -v -isysroot /Applications/Xcode.app/Contents/Developer/Platforms/MacOSX.platform/Developer/SDKs/MacOSX10.15.sdk   -o CMakeFiles/cmTC_3faf6.dir/OpenMPTryFlag.c.o   -c /Users/daweishi/Desktop/temp/singleeyefitter/spii/src/spii-build/CMakeFiles/FindOpenMP/OpenMPTryFlag.c
Apple clang version 11.0.0 (clang-1100.0.33.17)
Target: x86_64-apple-darwin19.2.0
Thread model: posix
InstalledDir: /Applications/Xcode.app/Contents/Developer/Toolchains/XcodeDefault.xctoolchain/usr/bin
clang: error: unsupported argument 'libomp' to option 'fopenmp='
make[4]: *** [CMakeFiles/cmTC_3faf6.dir/OpenMPTryFlag.c.o] Error 1
make[3]: *** [cmTC_3faf6/fast] Error 2



Detecting C OpenMP failed with the following output:
Change Dir: /Users/daweishi/Desktop/temp/singleeyefitter/spii/src/spii-build/CMakeFiles/CMakeTmp

Run Build Command(s):/usr/bin/make cmTC_1d301/fast && /Applications/Xcode.app/Contents/Developer/usr/bin/make -f CMakeFiles/cmTC_1d301.dir/build.make CMakeFiles/cmTC_1d301.dir/build
Building C object CMakeFiles/cmTC_1d301.dir/OpenMPTryFlag.c.o
/Applications/Xcode.app/Contents/Developer/Toolchains/XcodeDefault.xctoolchain/usr/bin/cc   -fopenmp=libiomp5 -v -isysroot /Applications/Xcode.app/Contents/Developer/Platforms/MacOSX.platform/Developer/SDKs/MacOSX10.15.sdk   -o CMakeFiles/cmTC_1d301.dir/OpenMPTryFlag.c.o   -c /Users/daweishi/Desktop/temp/singleeyefitter/spii/src/spii-build/CMakeFiles/FindOpenMP/OpenMPTryFlag.c
Apple clang version 11.0.0 (clang-1100.0.33.17)
Target: x86_64-apple-darwin19.2.0
Thread model: posix
InstalledDir: /Applications/Xcode.app/Contents/Developer/Toolchains/XcodeDefault.xctoolchain/usr/bin
clang: error: unsupported argument 'libiomp5' to option 'fopenmp='
make[4]: *** [CMakeFiles/cmTC_1d301.dir/OpenMPTryFlag.c.o] Error 1
make[3]: *** [cmTC_1d301/fast] Error 2



Detecting C OpenMP failed with the following output:
Change Dir: /Users/daweishi/Desktop/temp/singleeyefitter/spii/src/spii-build/CMakeFiles/CMakeTmp

Run Build Command(s):/usr/bin/make cmTC_9d31c/fast && /Applications/Xcode.app/Contents/Developer/usr/bin/make -f CMakeFiles/cmTC_9d31c.dir/build.make CMakeFiles/cmTC_9d31c.dir/build
Building C object CMakeFiles/cmTC_9d31c.dir/OpenMPTryFlag.c.o
/Applications/Xcode.app/Contents/Developer/Toolchains/XcodeDefault.xctoolchain/usr/bin/cc   -fopenmp -v -isysroot /Applications/Xcode.app/Contents/Developer/Platforms/MacOSX.platform/Developer/SDKs/MacOSX10.15.sdk   -o CMakeFiles/cmTC_9d31c.dir/OpenMPTryFlag.c.o   -c /Users/daweishi/Desktop/temp/singleeyefitter/spii/src/spii-build/CMakeFiles/FindOpenMP/OpenMPTryFlag.c
Apple clang version 11.0.0 (clang-1100.0.33.17)
Target: x86_64-apple-darwin19.2.0
Thread model: posix
InstalledDir: /Applications/Xcode.app/Contents/Developer/Toolchains/XcodeDefault.xctoolchain/usr/bin
clang: error: unsupported option '-fopenmp'
make[4]: *** [CMakeFiles/cmTC_9d31c.dir/OpenMPTryFlag.c.o] Error 1
make[3]: *** [cmTC_9d31c/fast] Error 2



Detecting CXX OpenMP failed with the following output:
Change Dir: /Users/daweishi/Desktop/temp/singleeyefitter/spii/src/spii-build/CMakeFiles/CMakeTmp

Run Build Command(s):/usr/bin/make cmTC_0930d/fast && /Applications/Xcode.app/Contents/Developer/usr/bin/make -f CMakeFiles/cmTC_0930d.dir/build.make CMakeFiles/cmTC_0930d.dir/build
Building CXX object CMakeFiles/cmTC_0930d.dir/OpenMPTryFlag.cpp.o
/Applications/Xcode.app/Contents/Developer/Toolchains/XcodeDefault.xctoolchain/usr/bin/c++    -fopenmp=libomp -v -isysroot /Applications/Xcode.app/Contents/Developer/Platforms/MacOSX.platform/Developer/SDKs/MacOSX10.15.sdk   -o CMakeFiles/cmTC_0930d.dir/OpenMPTryFlag.cpp.o -c /Users/daweishi/Desktop/temp/singleeyefitter/spii/src/spii-build/CMakeFiles/FindOpenMP/OpenMPTryFlag.cpp
Apple clang version 11.0.0 (clang-1100.0.33.17)
Target: x86_64-apple-darwin19.2.0
Thread model: posix
InstalledDir: /Applications/Xcode.app/Contents/Developer/Toolchains/XcodeDefault.xctoolchain/usr/bin
clang: error: unsupported argument 'libomp' to option 'fopenmp='
make[4]: *** [CMakeFiles/cmTC_0930d.dir/OpenMPTryFlag.cpp.o] Error 1
make[3]: *** [cmTC_0930d/fast] Error 2



Detecting CXX OpenMP failed with the following output:
Change Dir: /Users/daweishi/Desktop/temp/singleeyefitter/spii/src/spii-build/CMakeFiles/CMakeTmp

Run Build Command(s):/usr/bin/make cmTC_15dbf/fast && /Applications/Xcode.app/Contents/Developer/usr/bin/make -f CMakeFiles/cmTC_15dbf.dir/build.make CMakeFiles/cmTC_15dbf.dir/build
Building CXX object CMakeFiles/cmTC_15dbf.dir/OpenMPTryFlag.cpp.o
/Applications/Xcode.app/Contents/Developer/Toolchains/XcodeDefault.xctoolchain/usr/bin/c++    -fopenmp=libiomp5 -v -isysroot /Applications/Xcode.app/Contents/Developer/Platforms/MacOSX.platform/Developer/SDKs/MacOSX10.15.sdk   -o CMakeFiles/cmTC_15dbf.dir/OpenMPTryFlag.cpp.o -c /Users/daweishi/Desktop/temp/singleeyefitter/spii/src/spii-build/CMakeFiles/FindOpenMP/OpenMPTryFlag.cpp
Apple clang version 11.0.0 (clang-1100.0.33.17)
Target: x86_64-apple-darwin19.2.0
Thread model: posix
InstalledDir: /Applications/Xcode.app/Contents/Developer/Toolchains/XcodeDefault.xctoolchain/usr/bin
clang: error: unsupported argument 'libiomp5' to option 'fopenmp='
make[4]: *** [CMakeFiles/cmTC_15dbf.dir/OpenMPTryFlag.cpp.o] Error 1
make[3]: *** [cmTC_15dbf/fast] Error 2



Detecting CXX OpenMP failed with the following output:
Change Dir: /Users/daweishi/Desktop/temp/singleeyefitter/spii/src/spii-build/CMakeFiles/CMakeTmp

Run Build Command(s):/usr/bin/make cmTC_a174f/fast && /Applications/Xcode.app/Contents/Developer/usr/bin/make -f CMakeFiles/cmTC_a174f.dir/build.make CMakeFiles/cmTC_a174f.dir/build
Building CXX object CMakeFiles/cmTC_a174f.dir/OpenMPTryFlag.cpp.o
/Applications/Xcode.app/Contents/Developer/Toolchains/XcodeDefault.xctoolchain/usr/bin/c++    -fopenmp -v -isysroot /Applications/Xcode.app/Contents/Developer/Platforms/MacOSX.platform/Developer/SDKs/MacOSX10.15.sdk   -o CMakeFiles/cmTC_a174f.dir/OpenMPTryFlag.cpp.o -c /Users/daweishi/Desktop/temp/singleeyefitter/spii/src/spii-build/CMakeFiles/FindOpenMP/OpenMPTryFlag.cpp
Apple clang version 11.0.0 (clang-1100.0.33.17)
Target: x86_64-apple-darwin19.2.0
Thread model: posix
InstalledDir: /Applications/Xcode.app/Contents/Developer/Toolchains/XcodeDefault.xctoolchain/usr/bin
clang: error: unsupported option '-fopenmp'
make[4]: *** [CMakeFiles/cmTC_a174f.dir/OpenMPTryFlag.cpp.o] Error 1
make[3]: *** [cmTC_a174f/fast] Error 2



Detecting C OpenMP failed with the following output:
Change Dir: /Users/daweishi/Desktop/temp/singleeyefitter/spii/src/spii-build/CMakeFiles/CMakeTmp

Run Build Command(s):/usr/bin/make cmTC_6191e/fast && /Applications/Xcode.app/Contents/Developer/usr/bin/make -f CMakeFiles/cmTC_6191e.dir/build.make CMakeFiles/cmTC_6191e.dir/build
Building C object CMakeFiles/cmTC_6191e.dir/OpenMPTryFlag.c.o
/Applications/Xcode.app/Contents/Developer/Toolchains/XcodeDefault.xctoolchain/usr/bin/cc   -fopenmp=libomp -v -isysroot /Applications/Xcode.app/Contents/Developer/Platforms/MacOSX.platform/Developer/SDKs/MacOSX10.15.sdk   -o CMakeFiles/cmTC_6191e.dir/OpenMPTryFlag.c.o   -c /Users/daweishi/Desktop/temp/singleeyefitter/spii/src/spii-build/CMakeFiles/FindOpenMP/OpenMPTryFlag.c
Apple clang version 11.0.0 (clang-1100.0.33.17)
Target: x86_64-apple-darwin19.2.0
Thread model: posix
InstalledDir: /Applications/Xcode.app/Contents/Developer/Toolchains/XcodeDefault.xctoolchain/usr/bin
clang: error: unsupported argument 'libomp' to option 'fopenmp='
make[4]: *** [CMakeFiles/cmTC_6191e.dir/OpenMPTryFlag.c.o] Error 1
make[3]: *** [cmTC_6191e/fast] Error 2



Detecting C OpenMP failed with the following output:
Change Dir: /Users/daweishi/Desktop/temp/singleeyefitter/spii/src/spii-build/CMakeFiles/CMakeTmp

Run Build Command(s):/usr/bin/make cmTC_b9a3a/fast && /Applications/Xcode.app/Contents/Developer/usr/bin/make -f CMakeFiles/cmTC_b9a3a.dir/build.make CMakeFiles/cmTC_b9a3a.dir/build
Building C object CMakeFiles/cmTC_b9a3a.dir/OpenMPTryFlag.c.o
/Applications/Xcode.app/Contents/Developer/Toolchains/XcodeDefault.xctoolchain/usr/bin/cc   -fopenmp=libiomp5 -v -isysroot /Applications/Xcode.app/Contents/Developer/Platforms/MacOSX.platform/Developer/SDKs/MacOSX10.15.sdk   -o CMakeFiles/cmTC_b9a3a.dir/OpenMPTryFlag.c.o   -c /Users/daweishi/Desktop/temp/singleeyefitter/spii/src/spii-build/CMakeFiles/FindOpenMP/OpenMPTryFlag.c
Apple clang version 11.0.0 (clang-1100.0.33.17)
Target: x86_64-apple-darwin19.2.0
Thread model: posix
InstalledDir: /Applications/Xcode.app/Contents/Developer/Toolchains/XcodeDefault.xctoolchain/usr/bin
clang: error: unsupported argument 'libiomp5' to option 'fopenmp='
make[4]: *** [CMakeFiles/cmTC_b9a3a.dir/OpenMPTryFlag.c.o] Error 1
make[3]: *** [cmTC_b9a3a/fast] Error 2



Detecting C OpenMP failed with the following output:
Change Dir: /Users/daweishi/Desktop/temp/singleeyefitter/spii/src/spii-build/CMakeFiles/CMakeTmp

Run Build Command(s):/usr/bin/make cmTC_fdebd/fast && /Applications/Xcode.app/Contents/Developer/usr/bin/make -f CMakeFiles/cmTC_fdebd.dir/build.make CMakeFiles/cmTC_fdebd.dir/build
Building C object CMakeFiles/cmTC_fdebd.dir/OpenMPTryFlag.c.o
/Applications/Xcode.app/Contents/Developer/Toolchains/XcodeDefault.xctoolchain/usr/bin/cc   -fopenmp -v -isysroot /Applications/Xcode.app/Contents/Developer/Platforms/MacOSX.platform/Developer/SDKs/MacOSX10.15.sdk   -o CMakeFiles/cmTC_fdebd.dir/OpenMPTryFlag.c.o   -c /Users/daweishi/Desktop/temp/singleeyefitter/spii/src/spii-build/CMakeFiles/FindOpenMP/OpenMPTryFlag.c
Apple clang version 11.0.0 (clang-1100.0.33.17)
Target: x86_64-apple-darwin19.2.0
Thread model: posix
InstalledDir: /Applications/Xcode.app/Contents/Developer/Toolchains/XcodeDefault.xctoolchain/usr/bin
clang: error: unsupported option '-fopenmp'
make[4]: *** [CMakeFiles/cmTC_fdebd.dir/OpenMPTryFlag.c.o] Error 1
make[3]: *** [cmTC_fdebd/fast] Error 2



Detecting CXX OpenMP failed with the following output:
Change Dir: /Users/daweishi/Desktop/temp/singleeyefitter/spii/src/spii-build/CMakeFiles/CMakeTmp

Run Build Command(s):/usr/bin/make cmTC_d3ee9/fast && /Applications/Xcode.app/Contents/Developer/usr/bin/make -f CMakeFiles/cmTC_d3ee9.dir/build.make CMakeFiles/cmTC_d3ee9.dir/build
Building CXX object CMakeFiles/cmTC_d3ee9.dir/OpenMPTryFlag.cpp.o
/Applications/Xcode.app/Contents/Developer/Toolchains/XcodeDefault.xctoolchain/usr/bin/c++    -fopenmp=libomp -v -isysroot /Applications/Xcode.app/Contents/Developer/Platforms/MacOSX.platform/Developer/SDKs/MacOSX10.15.sdk   -o CMakeFiles/cmTC_d3ee9.dir/OpenMPTryFlag.cpp.o -c /Users/daweishi/Desktop/temp/singleeyefitter/spii/src/spii-build/CMakeFiles/FindOpenMP/OpenMPTryFlag.cpp
Apple clang version 11.0.0 (clang-1100.0.33.17)
Target: x86_64-apple-darwin19.2.0
Thread model: posix
InstalledDir: /Applications/Xcode.app/Contents/Developer/Toolchains/XcodeDefault.xctoolchain/usr/bin
clang: error: unsupported argument 'libomp' to option 'fopenmp='
make[4]: *** [CMakeFiles/cmTC_d3ee9.dir/OpenMPTryFlag.cpp.o] Error 1
make[3]: *** [cmTC_d3ee9/fast] Error 2



Detecting CXX OpenMP failed with the following output:
Change Dir: /Users/daweishi/Desktop/temp/singleeyefitter/spii/src/spii-build/CMakeFiles/CMakeTmp

Run Build Command(s):/usr/bin/make cmTC_1ed66/fast && /Applications/Xcode.app/Contents/Developer/usr/bin/make -f CMakeFiles/cmTC_1ed66.dir/build.make CMakeFiles/cmTC_1ed66.dir/build
Building CXX object CMakeFiles/cmTC_1ed66.dir/OpenMPTryFlag.cpp.o
/Applications/Xcode.app/Contents/Developer/Toolchains/XcodeDefault.xctoolchain/usr/bin/c++    -fopenmp=libiomp5 -v -isysroot /Applications/Xcode.app/Contents/Developer/Platforms/MacOSX.platform/Developer/SDKs/MacOSX10.15.sdk   -o CMakeFiles/cmTC_1ed66.dir/OpenMPTryFlag.cpp.o -c /Users/daweishi/Desktop/temp/singleeyefitter/spii/src/spii-build/CMakeFiles/FindOpenMP/OpenMPTryFlag.cpp
Apple clang version 11.0.0 (clang-1100.0.33.17)
Target: x86_64-apple-darwin19.2.0
Thread model: posix
InstalledDir: /Applications/Xcode.app/Contents/Developer/Toolchains/XcodeDefault.xctoolchain/usr/bin
clang: error: unsupported argument 'libiomp5' to option 'fopenmp='
make[4]: *** [CMakeFiles/cmTC_1ed66.dir/OpenMPTryFlag.cpp.o] Error 1
make[3]: *** [cmTC_1ed66/fast] Error 2



Detecting CXX OpenMP failed with the following output:
Change Dir: /Users/daweishi/Desktop/temp/singleeyefitter/spii/src/spii-build/CMakeFiles/CMakeTmp

Run Build Command(s):/usr/bin/make cmTC_b72e8/fast && /Applications/Xcode.app/Contents/Developer/usr/bin/make -f CMakeFiles/cmTC_b72e8.dir/build.make CMakeFiles/cmTC_b72e8.dir/build
Building CXX object CMakeFiles/cmTC_b72e8.dir/OpenMPTryFlag.cpp.o
/Applications/Xcode.app/Contents/Developer/Toolchains/XcodeDefault.xctoolchain/usr/bin/c++    -fopenmp -v -isysroot /Applications/Xcode.app/Contents/Developer/Platforms/MacOSX.platform/Developer/SDKs/MacOSX10.15.sdk   -o CMakeFiles/cmTC_b72e8.dir/OpenMPTryFlag.cpp.o -c /Users/daweishi/Desktop/temp/singleeyefitter/spii/src/spii-build/CMakeFiles/FindOpenMP/OpenMPTryFlag.cpp
Apple clang version 11.0.0 (clang-1100.0.33.17)
Target: x86_64-apple-darwin19.2.0
Thread model: posix
InstalledDir: /Applications/Xcode.app/Contents/Developer/Toolchains/XcodeDefault.xctoolchain/usr/bin
clang: error: unsupported option '-fopenmp'
make[4]: *** [CMakeFiles/cmTC_b72e8.dir/OpenMPTryFlag.cpp.o] Error 1
make[3]: *** [cmTC_b72e8/fast] Error 2



Detecting C OpenMP failed with the following output:
Change Dir: /Users/daweishi/Desktop/temp/singleeyefitter/spii/src/spii-build/CMakeFiles/CMakeTmp

Run Build Command(s):/usr/bin/make cmTC_e864e/fast && /Applications/Xcode.app/Contents/Developer/usr/bin/make -f CMakeFiles/cmTC_e864e.dir/build.make CMakeFiles/cmTC_e864e.dir/build
Building C object CMakeFiles/cmTC_e864e.dir/OpenMPTryFlag.c.o
/Applications/Xcode.app/Contents/Developer/Toolchains/XcodeDefault.xctoolchain/usr/bin/cc   -fopenmp=libomp -v -isysroot /Applications/Xcode.app/Contents/Developer/Platforms/MacOSX.platform/Developer/SDKs/MacOSX10.15.sdk   -o CMakeFiles/cmTC_e864e.dir/OpenMPTryFlag.c.o   -c /Users/daweishi/Desktop/temp/singleeyefitter/spii/src/spii-build/CMakeFiles/FindOpenMP/OpenMPTryFlag.c
Apple clang version 11.0.0 (clang-1100.0.33.17)
Target: x86_64-apple-darwin19.2.0
Thread model: posix
InstalledDir: /Applications/Xcode.app/Contents/Developer/Toolchains/XcodeDefault.xctoolchain/usr/bin
clang: error: unsupported argument 'libomp' to option 'fopenmp='
make[4]: *** [CMakeFiles/cmTC_e864e.dir/OpenMPTryFlag.c.o] Error 1
make[3]: *** [cmTC_e864e/fast] Error 2



Detecting C OpenMP failed with the following output:
Change Dir: /Users/daweishi/Desktop/temp/singleeyefitter/spii/src/spii-build/CMakeFiles/CMakeTmp

Run Build Command(s):/usr/bin/make cmTC_681e1/fast && /Applications/Xcode.app/Contents/Developer/usr/bin/make -f CMakeFiles/cmTC_681e1.dir/build.make CMakeFiles/cmTC_681e1.dir/build
Building C object CMakeFiles/cmTC_681e1.dir/OpenMPTryFlag.c.o
/Applications/Xcode.app/Contents/Developer/Toolchains/XcodeDefault.xctoolchain/usr/bin/cc   -fopenmp=libiomp5 -v -isysroot /Applications/Xcode.app/Contents/Developer/Platforms/MacOSX.platform/Developer/SDKs/MacOSX10.15.sdk   -o CMakeFiles/cmTC_681e1.dir/OpenMPTryFlag.c.o   -c /Users/daweishi/Desktop/temp/singleeyefitter/spii/src/spii-build/CMakeFiles/FindOpenMP/OpenMPTryFlag.c
Apple clang version 11.0.0 (clang-1100.0.33.17)
Target: x86_64-apple-darwin19.2.0
Thread model: posix
InstalledDir: /Applications/Xcode.app/Contents/Developer/Toolchains/XcodeDefault.xctoolchain/usr/bin
clang: error: unsupported argument 'libiomp5' to option 'fopenmp='
make[4]: *** [CMakeFiles/cmTC_681e1.dir/OpenMPTryFlag.c.o] Error 1
make[3]: *** [cmTC_681e1/fast] Error 2



Detecting C OpenMP failed with the following output:
Change Dir: /Users/daweishi/Desktop/temp/singleeyefitter/spii/src/spii-build/CMakeFiles/CMakeTmp

Run Build Command(s):/usr/bin/make cmTC_eb9e5/fast && /Applications/Xcode.app/Contents/Developer/usr/bin/make -f CMakeFiles/cmTC_eb9e5.dir/build.make CMakeFiles/cmTC_eb9e5.dir/build
Building C object CMakeFiles/cmTC_eb9e5.dir/OpenMPTryFlag.c.o
/Applications/Xcode.app/Contents/Developer/Toolchains/XcodeDefault.xctoolchain/usr/bin/cc   -fopenmp -v -isysroot /Applications/Xcode.app/Contents/Developer/Platforms/MacOSX.platform/Developer/SDKs/MacOSX10.15.sdk   -o CMakeFiles/cmTC_eb9e5.dir/OpenMPTryFlag.c.o   -c /Users/daweishi/Desktop/temp/singleeyefitter/spii/src/spii-build/CMakeFiles/FindOpenMP/OpenMPTryFlag.c
Apple clang version 11.0.0 (clang-1100.0.33.17)
Target: x86_64-apple-darwin19.2.0
Thread model: posix
InstalledDir: /Applications/Xcode.app/Contents/Developer/Toolchains/XcodeDefault.xctoolchain/usr/bin
clang: error: unsupported option '-fopenmp'
make[4]: *** [CMakeFiles/cmTC_eb9e5.dir/OpenMPTryFlag.c.o] Error 1
make[3]: *** [cmTC_eb9e5/fast] Error 2



Detecting CXX OpenMP failed with the following output:
Change Dir: /Users/daweishi/Desktop/temp/singleeyefitter/spii/src/spii-build/CMakeFiles/CMakeTmp

Run Build Command(s):/usr/bin/make cmTC_79446/fast && /Applications/Xcode.app/Contents/Developer/usr/bin/make -f CMakeFiles/cmTC_79446.dir/build.make CMakeFiles/cmTC_79446.dir/build
Building CXX object CMakeFiles/cmTC_79446.dir/OpenMPTryFlag.cpp.o
/Applications/Xcode.app/Contents/Developer/Toolchains/XcodeDefault.xctoolchain/usr/bin/c++    -fopenmp=libomp -v -isysroot /Applications/Xcode.app/Contents/Developer/Platforms/MacOSX.platform/Developer/SDKs/MacOSX10.15.sdk   -o CMakeFiles/cmTC_79446.dir/OpenMPTryFlag.cpp.o -c /Users/daweishi/Desktop/temp/singleeyefitter/spii/src/spii-build/CMakeFiles/FindOpenMP/OpenMPTryFlag.cpp
Apple clang version 11.0.0 (clang-1100.0.33.17)
Target: x86_64-apple-darwin19.2.0
Thread model: posix
InstalledDir: /Applications/Xcode.app/Contents/Developer/Toolchains/XcodeDefault.xctoolchain/usr/bin
clang: error: unsupported argument 'libomp' to option 'fopenmp='
make[4]: *** [CMakeFiles/cmTC_79446.dir/OpenMPTryFlag.cpp.o] Error 1
make[3]: *** [cmTC_79446/fast] Error 2



Detecting CXX OpenMP failed with the following output:
Change Dir: /Users/daweishi/Desktop/temp/singleeyefitter/spii/src/spii-build/CMakeFiles/CMakeTmp

Run Build Command(s):/usr/bin/make cmTC_0c8ac/fast && /Applications/Xcode.app/Contents/Developer/usr/bin/make -f CMakeFiles/cmTC_0c8ac.dir/build.make CMakeFiles/cmTC_0c8ac.dir/build
Building CXX object CMakeFiles/cmTC_0c8ac.dir/OpenMPTryFlag.cpp.o
/Applications/Xcode.app/Contents/Developer/Toolchains/XcodeDefault.xctoolchain/usr/bin/c++    -fopenmp=libiomp5 -v -isysroot /Applications/Xcode.app/Contents/Developer/Platforms/MacOSX.platform/Developer/SDKs/MacOSX10.15.sdk   -o CMakeFiles/cmTC_0c8ac.dir/OpenMPTryFlag.cpp.o -c /Users/daweishi/Desktop/temp/singleeyefitter/spii/src/spii-build/CMakeFiles/FindOpenMP/OpenMPTryFlag.cpp
Apple clang version 11.0.0 (clang-1100.0.33.17)
Target: x86_64-apple-darwin19.2.0
Thread model: posix
InstalledDir: /Applications/Xcode.app/Contents/Developer/Toolchains/XcodeDefault.xctoolchain/usr/bin
clang: error: unsupported argument 'libiomp5' to option 'fopenmp='
make[4]: *** [CMakeFiles/cmTC_0c8ac.dir/OpenMPTryFlag.cpp.o] Error 1
make[3]: *** [cmTC_0c8ac/fast] Error 2



Detecting CXX OpenMP failed with the following output:
Change Dir: /Users/daweishi/Desktop/temp/singleeyefitter/spii/src/spii-build/CMakeFiles/CMakeTmp

Run Build Command(s):/usr/bin/make cmTC_e43fa/fast && /Applications/Xcode.app/Contents/Developer/usr/bin/make -f CMakeFiles/cmTC_e43fa.dir/build.make CMakeFiles/cmTC_e43fa.dir/build
Building CXX object CMakeFiles/cmTC_e43fa.dir/OpenMPTryFlag.cpp.o
/Applications/Xcode.app/Contents/Developer/Toolchains/XcodeDefault.xctoolchain/usr/bin/c++    -fopenmp -v -isysroot /Applications/Xcode.app/Contents/Developer/Platforms/MacOSX.platform/Developer/SDKs/MacOSX10.15.sdk   -o CMakeFiles/cmTC_e43fa.dir/OpenMPTryFlag.cpp.o -c /Users/daweishi/Desktop/temp/singleeyefitter/spii/src/spii-build/CMakeFiles/FindOpenMP/OpenMPTryFlag.cpp
Apple clang version 11.0.0 (clang-1100.0.33.17)
Target: x86_64-apple-darwin19.2.0
Thread model: posix
InstalledDir: /Applications/Xcode.app/Contents/Developer/Toolchains/XcodeDefault.xctoolchain/usr/bin
clang: error: unsupported option '-fopenmp'
make[4]: *** [CMakeFiles/cmTC_e43fa.dir/OpenMPTryFlag.cpp.o] Error 1
make[3]: *** [cmTC_e43fa/fast] Error 2



Detecting C OpenMP failed with the following output:
Change Dir: /Users/daweishi/Desktop/temp/singleeyefitter/spii/src/spii-build/CMakeFiles/CMakeTmp

Run Build Command(s):/usr/bin/make cmTC_bbfa8/fast && /Applications/Xcode.app/Contents/Developer/usr/bin/make -f CMakeFiles/cmTC_bbfa8.dir/build.make CMakeFiles/cmTC_bbfa8.dir/build
Building C object CMakeFiles/cmTC_bbfa8.dir/OpenMPTryFlag.c.o
/Applications/Xcode.app/Contents/Developer/Toolchains/XcodeDefault.xctoolchain/usr/bin/cc   -fopenmp=libomp -v -isysroot /Applications/Xcode.app/Contents/Developer/Platforms/MacOSX.platform/Developer/SDKs/MacOSX10.15.sdk   -o CMakeFiles/cmTC_bbfa8.dir/OpenMPTryFlag.c.o   -c /Users/daweishi/Desktop/temp/singleeyefitter/spii/src/spii-build/CMakeFiles/FindOpenMP/OpenMPTryFlag.c
Apple clang version 11.0.0 (clang-1100.0.33.17)
Target: x86_64-apple-darwin19.2.0
Thread model: posix
InstalledDir: /Applications/Xcode.app/Contents/Developer/Toolchains/XcodeDefault.xctoolchain/usr/bin
clang: error: unsupported argument 'libomp' to option 'fopenmp='
make[4]: *** [CMakeFiles/cmTC_bbfa8.dir/OpenMPTryFlag.c.o] Error 1
make[3]: *** [cmTC_bbfa8/fast] Error 2



Detecting C OpenMP failed with the following output:
Change Dir: /Users/daweishi/Desktop/temp/singleeyefitter/spii/src/spii-build/CMakeFiles/CMakeTmp

Run Build Command(s):/usr/bin/make cmTC_5cd2b/fast && /Applications/Xcode.app/Contents/Developer/usr/bin/make -f CMakeFiles/cmTC_5cd2b.dir/build.make CMakeFiles/cmTC_5cd2b.dir/build
Building C object CMakeFiles/cmTC_5cd2b.dir/OpenMPTryFlag.c.o
/Applications/Xcode.app/Contents/Developer/Toolchains/XcodeDefault.xctoolchain/usr/bin/cc   -fopenmp=libiomp5 -v -isysroot /Applications/Xcode.app/Contents/Developer/Platforms/MacOSX.platform/Developer/SDKs/MacOSX10.15.sdk   -o CMakeFiles/cmTC_5cd2b.dir/OpenMPTryFlag.c.o   -c /Users/daweishi/Desktop/temp/singleeyefitter/spii/src/spii-build/CMakeFiles/FindOpenMP/OpenMPTryFlag.c
Apple clang version 11.0.0 (clang-1100.0.33.17)
Target: x86_64-apple-darwin19.2.0
Thread model: posix
InstalledDir: /Applications/Xcode.app/Contents/Developer/Toolchains/XcodeDefault.xctoolchain/usr/bin
clang: error: unsupported argument 'libiomp5' to option 'fopenmp='
make[4]: *** [CMakeFiles/cmTC_5cd2b.dir/OpenMPTryFlag.c.o] Error 1
make[3]: *** [cmTC_5cd2b/fast] Error 2



Detecting C OpenMP failed with the following output:
Change Dir: /Users/daweishi/Desktop/temp/singleeyefitter/spii/src/spii-build/CMakeFiles/CMakeTmp

Run Build Command(s):/usr/bin/make cmTC_b76fd/fast && /Applications/Xcode.app/Contents/Developer/usr/bin/make -f CMakeFiles/cmTC_b76fd.dir/build.make CMakeFiles/cmTC_b76fd.dir/build
Building C object CMakeFiles/cmTC_b76fd.dir/OpenMPTryFlag.c.o
/Applications/Xcode.app/Contents/Developer/Toolchains/XcodeDefault.xctoolchain/usr/bin/cc   -fopenmp -v -isysroot /Applications/Xcode.app/Contents/Developer/Platforms/MacOSX.platform/Developer/SDKs/MacOSX10.15.sdk   -o CMakeFiles/cmTC_b76fd.dir/OpenMPTryFlag.c.o   -c /Users/daweishi/Desktop/temp/singleeyefitter/spii/src/spii-build/CMakeFiles/FindOpenMP/OpenMPTryFlag.c
Apple clang version 11.0.0 (clang-1100.0.33.17)
Target: x86_64-apple-darwin19.2.0
Thread model: posix
InstalledDir: /Applications/Xcode.app/Contents/Developer/Toolchains/XcodeDefault.xctoolchain/usr/bin
clang: error: unsupported option '-fopenmp'
make[4]: *** [CMakeFiles/cmTC_b76fd.dir/OpenMPTryFlag.c.o] Error 1
make[3]: *** [cmTC_b76fd/fast] Error 2



Detecting CXX OpenMP failed with the following output:
Change Dir: /Users/daweishi/Desktop/temp/singleeyefitter/spii/src/spii-build/CMakeFiles/CMakeTmp

Run Build Command(s):/usr/bin/make cmTC_173bb/fast && /Applications/Xcode.app/Contents/Developer/usr/bin/make -f CMakeFiles/cmTC_173bb.dir/build.make CMakeFiles/cmTC_173bb.dir/build
Building CXX object CMakeFiles/cmTC_173bb.dir/OpenMPTryFlag.cpp.o
/Applications/Xcode.app/Contents/Developer/Toolchains/XcodeDefault.xctoolchain/usr/bin/c++    -fopenmp=libomp -v -isysroot /Applications/Xcode.app/Contents/Developer/Platforms/MacOSX.platform/Developer/SDKs/MacOSX10.15.sdk   -o CMakeFiles/cmTC_173bb.dir/OpenMPTryFlag.cpp.o -c /Users/daweishi/Desktop/temp/singleeyefitter/spii/src/spii-build/CMakeFiles/FindOpenMP/OpenMPTryFlag.cpp
Apple clang version 11.0.0 (clang-1100.0.33.17)
Target: x86_64-apple-darwin19.2.0
Thread model: posix
InstalledDir: /Applications/Xcode.app/Contents/Developer/Toolchains/XcodeDefault.xctoolchain/usr/bin
clang: error: unsupported argument 'libomp' to option 'fopenmp='
make[4]: *** [CMakeFiles/cmTC_173bb.dir/OpenMPTryFlag.cpp.o] Error 1
make[3]: *** [cmTC_173bb/fast] Error 2



Detecting CXX OpenMP failed with the following output:
Change Dir: /Users/daweishi/Desktop/temp/singleeyefitter/spii/src/spii-build/CMakeFiles/CMakeTmp

Run Build Command(s):/usr/bin/make cmTC_b73e2/fast && /Applications/Xcode.app/Contents/Developer/usr/bin/make -f CMakeFiles/cmTC_b73e2.dir/build.make CMakeFiles/cmTC_b73e2.dir/build
Building CXX object CMakeFiles/cmTC_b73e2.dir/OpenMPTryFlag.cpp.o
/Applications/Xcode.app/Contents/Developer/Toolchains/XcodeDefault.xctoolchain/usr/bin/c++    -fopenmp=libiomp5 -v -isysroot /Applications/Xcode.app/Contents/Developer/Platforms/MacOSX.platform/Developer/SDKs/MacOSX10.15.sdk   -o CMakeFiles/cmTC_b73e2.dir/OpenMPTryFlag.cpp.o -c /Users/daweishi/Desktop/temp/singleeyefitter/spii/src/spii-build/CMakeFiles/FindOpenMP/OpenMPTryFlag.cpp
Apple clang version 11.0.0 (clang-1100.0.33.17)
Target: x86_64-apple-darwin19.2.0
Thread model: posix
InstalledDir: /Applications/Xcode.app/Contents/Developer/Toolchains/XcodeDefault.xctoolchain/usr/bin
clang: error: unsupported argument 'libiomp5' to option 'fopenmp='
make[4]: *** [CMakeFiles/cmTC_b73e2.dir/OpenMPTryFlag.cpp.o] Error 1
make[3]: *** [cmTC_b73e2/fast] Error 2



Detecting CXX OpenMP failed with the following output:
Change Dir: /Users/daweishi/Desktop/temp/singleeyefitter/spii/src/spii-build/CMakeFiles/CMakeTmp

Run Build Command(s):/usr/bin/make cmTC_16342/fast && /Applications/Xcode.app/Contents/Developer/usr/bin/make -f CMakeFiles/cmTC_16342.dir/build.make CMakeFiles/cmTC_16342.dir/build
Building CXX object CMakeFiles/cmTC_16342.dir/OpenMPTryFlag.cpp.o
/Applications/Xcode.app/Contents/Developer/Toolchains/XcodeDefault.xctoolchain/usr/bin/c++    -fopenmp -v -isysroot /Applications/Xcode.app/Contents/Developer/Platforms/MacOSX.platform/Developer/SDKs/MacOSX10.15.sdk   -o CMakeFiles/cmTC_16342.dir/OpenMPTryFlag.cpp.o -c /Users/daweishi/Desktop/temp/singleeyefitter/spii/src/spii-build/CMakeFiles/FindOpenMP/OpenMPTryFlag.cpp
Apple clang version 11.0.0 (clang-1100.0.33.17)
Target: x86_64-apple-darwin19.2.0
Thread model: posix
InstalledDir: /Applications/Xcode.app/Contents/Developer/Toolchains/XcodeDefault.xctoolchain/usr/bin
clang: error: unsupported option '-fopenmp'
make[4]: *** [CMakeFiles/cmTC_16342.dir/OpenMPTryFlag.cpp.o] Error 1
make[3]: *** [cmTC_16342/fast] Error 2



Detecting C OpenMP failed with the following output:
Change Dir: /Users/daweishi/Desktop/temp/singleeyefitter/spii/src/spii-build/CMakeFiles/CMakeTmp

Run Build Command(s):/usr/bin/make cmTC_58a3c/fast && /Applications/Xcode.app/Contents/Developer/usr/bin/make -f CMakeFiles/cmTC_58a3c.dir/build.make CMakeFiles/cmTC_58a3c.dir/build
Building C object CMakeFiles/cmTC_58a3c.dir/OpenMPTryFlag.c.o
/Applications/Xcode.app/Contents/Developer/Toolchains/XcodeDefault.xctoolchain/usr/bin/cc   -fopenmp=libomp -v -isysroot /Applications/Xcode.app/Contents/Developer/Platforms/MacOSX.platform/Developer/SDKs/MacOSX10.15.sdk   -o CMakeFiles/cmTC_58a3c.dir/OpenMPTryFlag.c.o   -c /Users/daweishi/Desktop/temp/singleeyefitter/spii/src/spii-build/CMakeFiles/FindOpenMP/OpenMPTryFlag.c
Apple clang version 11.0.0 (clang-1100.0.33.17)
Target: x86_64-apple-darwin19.2.0
Thread model: posix
InstalledDir: /Applications/Xcode.app/Contents/Developer/Toolchains/XcodeDefault.xctoolchain/usr/bin
clang: error: unsupported argument 'libomp' to option 'fopenmp='
make[4]: *** [CMakeFiles/cmTC_58a3c.dir/OpenMPTryFlag.c.o] Error 1
make[3]: *** [cmTC_58a3c/fast] Error 2



Detecting C OpenMP failed with the following output:
Change Dir: /Users/daweishi/Desktop/temp/singleeyefitter/spii/src/spii-build/CMakeFiles/CMakeTmp

Run Build Command(s):/usr/bin/make cmTC_f4127/fast && /Applications/Xcode.app/Contents/Developer/usr/bin/make -f CMakeFiles/cmTC_f4127.dir/build.make CMakeFiles/cmTC_f4127.dir/build
Building C object CMakeFiles/cmTC_f4127.dir/OpenMPTryFlag.c.o
/Applications/Xcode.app/Contents/Developer/Toolchains/XcodeDefault.xctoolchain/usr/bin/cc   -fopenmp=libiomp5 -v -isysroot /Applications/Xcode.app/Contents/Developer/Platforms/MacOSX.platform/Developer/SDKs/MacOSX10.15.sdk   -o CMakeFiles/cmTC_f4127.dir/OpenMPTryFlag.c.o   -c /Users/daweishi/Desktop/temp/singleeyefitter/spii/src/spii-build/CMakeFiles/FindOpenMP/OpenMPTryFlag.c
Apple clang version 11.0.0 (clang-1100.0.33.17)
Target: x86_64-apple-darwin19.2.0
Thread model: posix
InstalledDir: /Applications/Xcode.app/Contents/Developer/Toolchains/XcodeDefault.xctoolchain/usr/bin
clang: error: unsupported argument 'libiomp5' to option 'fopenmp='
make[4]: *** [CMakeFiles/cmTC_f4127.dir/OpenMPTryFlag.c.o] Error 1
make[3]: *** [cmTC_f4127/fast] Error 2



Detecting C OpenMP failed with the following output:
Change Dir: /Users/daweishi/Desktop/temp/singleeyefitter/spii/src/spii-build/CMakeFiles/CMakeTmp

Run Build Command(s):/usr/bin/make cmTC_7808c/fast && /Applications/Xcode.app/Contents/Developer/usr/bin/make -f CMakeFiles/cmTC_7808c.dir/build.make CMakeFiles/cmTC_7808c.dir/build
Building C object CMakeFiles/cmTC_7808c.dir/OpenMPTryFlag.c.o
/Applications/Xcode.app/Contents/Developer/Toolchains/XcodeDefault.xctoolchain/usr/bin/cc   -fopenmp -v -isysroot /Applications/Xcode.app/Contents/Developer/Platforms/MacOSX.platform/Developer/SDKs/MacOSX10.15.sdk   -o CMakeFiles/cmTC_7808c.dir/OpenMPTryFlag.c.o   -c /Users/daweishi/Desktop/temp/singleeyefitter/spii/src/spii-build/CMakeFiles/FindOpenMP/OpenMPTryFlag.c
Apple clang version 11.0.0 (clang-1100.0.33.17)
Target: x86_64-apple-darwin19.2.0
Thread model: posix
InstalledDir: /Applications/Xcode.app/Contents/Developer/Toolchains/XcodeDefault.xctoolchain/usr/bin
clang: error: unsupported option '-fopenmp'
make[4]: *** [CMakeFiles/cmTC_7808c.dir/OpenMPTryFlag.c.o] Error 1
make[3]: *** [cmTC_7808c/fast] Error 2



Detecting CXX OpenMP failed with the following output:
Change Dir: /Users/daweishi/Desktop/temp/singleeyefitter/spii/src/spii-build/CMakeFiles/CMakeTmp

Run Build Command(s):/usr/bin/make cmTC_da947/fast && /Applications/Xcode.app/Contents/Developer/usr/bin/make -f CMakeFiles/cmTC_da947.dir/build.make CMakeFiles/cmTC_da947.dir/build
Building CXX object CMakeFiles/cmTC_da947.dir/OpenMPTryFlag.cpp.o
/Applications/Xcode.app/Contents/Developer/Toolchains/XcodeDefault.xctoolchain/usr/bin/c++    -fopenmp=libomp -v -isysroot /Applications/Xcode.app/Contents/Developer/Platforms/MacOSX.platform/Developer/SDKs/MacOSX10.15.sdk   -o CMakeFiles/cmTC_da947.dir/OpenMPTryFlag.cpp.o -c /Users/daweishi/Desktop/temp/singleeyefitter/spii/src/spii-build/CMakeFiles/FindOpenMP/OpenMPTryFlag.cpp
Apple clang version 11.0.0 (clang-1100.0.33.17)
Target: x86_64-apple-darwin19.2.0
Thread model: posix
InstalledDir: /Applications/Xcode.app/Contents/Developer/Toolchains/XcodeDefault.xctoolchain/usr/bin
clang: error: unsupported argument 'libomp' to option 'fopenmp='
make[4]: *** [CMakeFiles/cmTC_da947.dir/OpenMPTryFlag.cpp.o] Error 1
make[3]: *** [cmTC_da947/fast] Error 2



Detecting CXX OpenMP failed with the following output:
Change Dir: /Users/daweishi/Desktop/temp/singleeyefitter/spii/src/spii-build/CMakeFiles/CMakeTmp

Run Build Command(s):/usr/bin/make cmTC_e7579/fast && /Applications/Xcode.app/Contents/Developer/usr/bin/make -f CMakeFiles/cmTC_e7579.dir/build.make CMakeFiles/cmTC_e7579.dir/build
Building CXX object CMakeFiles/cmTC_e7579.dir/OpenMPTryFlag.cpp.o
/Applications/Xcode.app/Contents/Developer/Toolchains/XcodeDefault.xctoolchain/usr/bin/c++    -fopenmp=libiomp5 -v -isysroot /Applications/Xcode.app/Contents/Developer/Platforms/MacOSX.platform/Developer/SDKs/MacOSX10.15.sdk   -o CMakeFiles/cmTC_e7579.dir/OpenMPTryFlag.cpp.o -c /Users/daweishi/Desktop/temp/singleeyefitter/spii/src/spii-build/CMakeFiles/FindOpenMP/OpenMPTryFlag.cpp
Apple clang version 11.0.0 (clang-1100.0.33.17)
Target: x86_64-apple-darwin19.2.0
Thread model: posix
InstalledDir: /Applications/Xcode.app/Contents/Developer/Toolchains/XcodeDefault.xctoolchain/usr/bin
clang: error: unsupported argument 'libiomp5' to option 'fopenmp='
make[4]: *** [CMakeFiles/cmTC_e7579.dir/OpenMPTryFlag.cpp.o] Error 1
make[3]: *** [cmTC_e7579/fast] Error 2



Detecting CXX OpenMP failed with the following output:
Change Dir: /Users/daweishi/Desktop/temp/singleeyefitter/spii/src/spii-build/CMakeFiles/CMakeTmp

Run Build Command(s):/usr/bin/make cmTC_45d37/fast && /Applications/Xcode.app/Contents/Developer/usr/bin/make -f CMakeFiles/cmTC_45d37.dir/build.make CMakeFiles/cmTC_45d37.dir/build
Building CXX object CMakeFiles/cmTC_45d37.dir/OpenMPTryFlag.cpp.o
/Applications/Xcode.app/Contents/Developer/Toolchains/XcodeDefault.xctoolchain/usr/bin/c++    -fopenmp -v -isysroot /Applications/Xcode.app/Contents/Developer/Platforms/MacOSX.platform/Developer/SDKs/MacOSX10.15.sdk   -o CMakeFiles/cmTC_45d37.dir/OpenMPTryFlag.cpp.o -c /Users/daweishi/Desktop/temp/singleeyefitter/spii/src/spii-build/CMakeFiles/FindOpenMP/OpenMPTryFlag.cpp
Apple clang version 11.0.0 (clang-1100.0.33.17)
Target: x86_64-apple-darwin19.2.0
Thread model: posix
InstalledDir: /Applications/Xcode.app/Contents/Developer/Toolchains/XcodeDefault.xctoolchain/usr/bin
clang: error: unsupported option '-fopenmp'
make[4]: *** [CMakeFiles/cmTC_45d37.dir/OpenMPTryFlag.cpp.o] Error 1
make[3]: *** [cmTC_45d37/fast] Error 2



Detecting C OpenMP failed with the following output:
Change Dir: /Users/daweishi/Desktop/temp/singleeyefitter/spii/src/spii-build/CMakeFiles/CMakeTmp

Run Build Command(s):/usr/bin/make cmTC_3c1a4/fast && /Applications/Xcode.app/Contents/Developer/usr/bin/make -f CMakeFiles/cmTC_3c1a4.dir/build.make CMakeFiles/cmTC_3c1a4.dir/build
Building C object CMakeFiles/cmTC_3c1a4.dir/OpenMPTryFlag.c.o
/Applications/Xcode.app/Contents/Developer/Toolchains/XcodeDefault.xctoolchain/usr/bin/cc   -fopenmp=libomp -v -isysroot /Applications/Xcode.app/Contents/Developer/Platforms/MacOSX.platform/Developer/SDKs/MacOSX10.15.sdk   -o CMakeFiles/cmTC_3c1a4.dir/OpenMPTryFlag.c.o   -c /Users/daweishi/Desktop/temp/singleeyefitter/spii/src/spii-build/CMakeFiles/FindOpenMP/OpenMPTryFlag.c
Apple clang version 11.0.0 (clang-1100.0.33.17)
Target: x86_64-apple-darwin19.2.0
Thread model: posix
InstalledDir: /Applications/Xcode.app/Contents/Developer/Toolchains/XcodeDefault.xctoolchain/usr/bin
clang: error: unsupported argument 'libomp' to option 'fopenmp='
make[4]: *** [CMakeFiles/cmTC_3c1a4.dir/OpenMPTryFlag.c.o] Error 1
make[3]: *** [cmTC_3c1a4/fast] Error 2



Detecting C OpenMP failed with the following output:
Change Dir: /Users/daweishi/Desktop/temp/singleeyefitter/spii/src/spii-build/CMakeFiles/CMakeTmp

Run Build Command(s):/usr/bin/make cmTC_ddc53/fast && /Applications/Xcode.app/Contents/Developer/usr/bin/make -f CMakeFiles/cmTC_ddc53.dir/build.make CMakeFiles/cmTC_ddc53.dir/build
Building C object CMakeFiles/cmTC_ddc53.dir/OpenMPTryFlag.c.o
/Applications/Xcode.app/Contents/Developer/Toolchains/XcodeDefault.xctoolchain/usr/bin/cc   -fopenmp=libiomp5 -v -isysroot /Applications/Xcode.app/Contents/Developer/Platforms/MacOSX.platform/Developer/SDKs/MacOSX10.15.sdk   -o CMakeFiles/cmTC_ddc53.dir/OpenMPTryFlag.c.o   -c /Users/daweishi/Desktop/temp/singleeyefitter/spii/src/spii-build/CMakeFiles/FindOpenMP/OpenMPTryFlag.c
Apple clang version 11.0.0 (clang-1100.0.33.17)
Target: x86_64-apple-darwin19.2.0
Thread model: posix
InstalledDir: /Applications/Xcode.app/Contents/Developer/Toolchains/XcodeDefault.xctoolchain/usr/bin
clang: error: unsupported argument 'libiomp5' to option 'fopenmp='
make[4]: *** [CMakeFiles/cmTC_ddc53.dir/OpenMPTryFlag.c.o] Error 1
make[3]: *** [cmTC_ddc53/fast] Error 2



Detecting C OpenMP failed with the following output:
Change Dir: /Users/daweishi/Desktop/temp/singleeyefitter/spii/src/spii-build/CMakeFiles/CMakeTmp

Run Build Command(s):/usr/bin/make cmTC_195a7/fast && /Applications/Xcode.app/Contents/Developer/usr/bin/make -f CMakeFiles/cmTC_195a7.dir/build.make CMakeFiles/cmTC_195a7.dir/build
Building C object CMakeFiles/cmTC_195a7.dir/OpenMPTryFlag.c.o
/Applications/Xcode.app/Contents/Developer/Toolchains/XcodeDefault.xctoolchain/usr/bin/cc   -fopenmp -v -isysroot /Applications/Xcode.app/Contents/Developer/Platforms/MacOSX.platform/Developer/SDKs/MacOSX10.15.sdk   -o CMakeFiles/cmTC_195a7.dir/OpenMPTryFlag.c.o   -c /Users/daweishi/Desktop/temp/singleeyefitter/spii/src/spii-build/CMakeFiles/FindOpenMP/OpenMPTryFlag.c
Apple clang version 11.0.0 (clang-1100.0.33.17)
Target: x86_64-apple-darwin19.2.0
Thread model: posix
InstalledDir: /Applications/Xcode.app/Contents/Developer/Toolchains/XcodeDefault.xctoolchain/usr/bin
clang: error: unsupported option '-fopenmp'
make[4]: *** [CMakeFiles/cmTC_195a7.dir/OpenMPTryFlag.c.o] Error 1
make[3]: *** [cmTC_195a7/fast] Error 2



Detecting CXX OpenMP failed with the following output:
Change Dir: /Users/daweishi/Desktop/temp/singleeyefitter/spii/src/spii-build/CMakeFiles/CMakeTmp

Run Build Command(s):/usr/bin/make cmTC_d159b/fast && /Applications/Xcode.app/Contents/Developer/usr/bin/make -f CMakeFiles/cmTC_d159b.dir/build.make CMakeFiles/cmTC_d159b.dir/build
Building CXX object CMakeFiles/cmTC_d159b.dir/OpenMPTryFlag.cpp.o
/Applications/Xcode.app/Contents/Developer/Toolchains/XcodeDefault.xctoolchain/usr/bin/c++    -fopenmp=libomp -v -isysroot /Applications/Xcode.app/Contents/Developer/Platforms/MacOSX.platform/Developer/SDKs/MacOSX10.15.sdk   -o CMakeFiles/cmTC_d159b.dir/OpenMPTryFlag.cpp.o -c /Users/daweishi/Desktop/temp/singleeyefitter/spii/src/spii-build/CMakeFiles/FindOpenMP/OpenMPTryFlag.cpp
Apple clang version 11.0.0 (clang-1100.0.33.17)
Target: x86_64-apple-darwin19.2.0
Thread model: posix
InstalledDir: /Applications/Xcode.app/Contents/Developer/Toolchains/XcodeDefault.xctoolchain/usr/bin
clang: error: unsupported argument 'libomp' to option 'fopenmp='
make[4]: *** [CMakeFiles/cmTC_d159b.dir/OpenMPTryFlag.cpp.o] Error 1
make[3]: *** [cmTC_d159b/fast] Error 2



Detecting CXX OpenMP failed with the following output:
Change Dir: /Users/daweishi/Desktop/temp/singleeyefitter/spii/src/spii-build/CMakeFiles/CMakeTmp

Run Build Command(s):/usr/bin/make cmTC_72bbb/fast && /Applications/Xcode.app/Contents/Developer/usr/bin/make -f CMakeFiles/cmTC_72bbb.dir/build.make CMakeFiles/cmTC_72bbb.dir/build
Building CXX object CMakeFiles/cmTC_72bbb.dir/OpenMPTryFlag.cpp.o
/Applications/Xcode.app/Contents/Developer/Toolchains/XcodeDefault.xctoolchain/usr/bin/c++    -fopenmp=libiomp5 -v -isysroot /Applications/Xcode.app/Contents/Developer/Platforms/MacOSX.platform/Developer/SDKs/MacOSX10.15.sdk   -o CMakeFiles/cmTC_72bbb.dir/OpenMPTryFlag.cpp.o -c /Users/daweishi/Desktop/temp/singleeyefitter/spii/src/spii-build/CMakeFiles/FindOpenMP/OpenMPTryFlag.cpp
Apple clang version 11.0.0 (clang-1100.0.33.17)
Target: x86_64-apple-darwin19.2.0
Thread model: posix
InstalledDir: /Applications/Xcode.app/Contents/Developer/Toolchains/XcodeDefault.xctoolchain/usr/bin
clang: error: unsupported argument 'libiomp5' to option 'fopenmp='
make[4]: *** [CMakeFiles/cmTC_72bbb.dir/OpenMPTryFlag.cpp.o] Error 1
make[3]: *** [cmTC_72bbb/fast] Error 2



Detecting CXX OpenMP failed with the following output:
Change Dir: /Users/daweishi/Desktop/temp/singleeyefitter/spii/src/spii-build/CMakeFiles/CMakeTmp

Run Build Command(s):/usr/bin/make cmTC_edec7/fast && /Applications/Xcode.app/Contents/Developer/usr/bin/make -f CMakeFiles/cmTC_edec7.dir/build.make CMakeFiles/cmTC_edec7.dir/build
Building CXX object CMakeFiles/cmTC_edec7.dir/OpenMPTryFlag.cpp.o
/Applications/Xcode.app/Contents/Developer/Toolchains/XcodeDefault.xctoolchain/usr/bin/c++    -fopenmp -v -isysroot /Applications/Xcode.app/Contents/Developer/Platforms/MacOSX.platform/Developer/SDKs/MacOSX10.15.sdk   -o CMakeFiles/cmTC_edec7.dir/OpenMPTryFlag.cpp.o -c /Users/daweishi/Desktop/temp/singleeyefitter/spii/src/spii-build/CMakeFiles/FindOpenMP/OpenMPTryFlag.cpp
Apple clang version 11.0.0 (clang-1100.0.33.17)
Target: x86_64-apple-darwin19.2.0
Thread model: posix
InstalledDir: /Applications/Xcode.app/Contents/Developer/Toolchains/XcodeDefault.xctoolchain/usr/bin
clang: error: unsupported option '-fopenmp'
make[4]: *** [CMakeFiles/cmTC_edec7.dir/OpenMPTryFlag.cpp.o] Error 1
make[3]: *** [cmTC_edec7/fast] Error 2



Detecting C OpenMP failed with the following output:
Change Dir: /Users/daweishi/Desktop/temp/singleeyefitter/spii/src/spii-build/CMakeFiles/CMakeTmp

Run Build Command(s):/usr/bin/make cmTC_15bc3/fast && /Applications/Xcode.app/Contents/Developer/usr/bin/make -f CMakeFiles/cmTC_15bc3.dir/build.make CMakeFiles/cmTC_15bc3.dir/build
Building C object CMakeFiles/cmTC_15bc3.dir/OpenMPTryFlag.c.o
/Applications/Xcode.app/Contents/Developer/Toolchains/XcodeDefault.xctoolchain/usr/bin/cc   -fopenmp=libomp -v -isysroot /Applications/Xcode.app/Contents/Developer/Platforms/MacOSX.platform/Developer/SDKs/MacOSX10.15.sdk   -o CMakeFiles/cmTC_15bc3.dir/OpenMPTryFlag.c.o   -c /Users/daweishi/Desktop/temp/singleeyefitter/spii/src/spii-build/CMakeFiles/FindOpenMP/OpenMPTryFlag.c
Apple clang version 11.0.0 (clang-1100.0.33.17)
Target: x86_64-apple-darwin19.2.0
Thread model: posix
InstalledDir: /Applications/Xcode.app/Contents/Developer/Toolchains/XcodeDefault.xctoolchain/usr/bin
clang: error: unsupported argument 'libomp' to option 'fopenmp='
make[4]: *** [CMakeFiles/cmTC_15bc3.dir/OpenMPTryFlag.c.o] Error 1
make[3]: *** [cmTC_15bc3/fast] Error 2



Detecting C OpenMP failed with the following output:
Change Dir: /Users/daweishi/Desktop/temp/singleeyefitter/spii/src/spii-build/CMakeFiles/CMakeTmp

Run Build Command(s):/usr/bin/make cmTC_5713b/fast && /Applications/Xcode.app/Contents/Developer/usr/bin/make -f CMakeFiles/cmTC_5713b.dir/build.make CMakeFiles/cmTC_5713b.dir/build
Building C object CMakeFiles/cmTC_5713b.dir/OpenMPTryFlag.c.o
/Applications/Xcode.app/Contents/Developer/Toolchains/XcodeDefault.xctoolchain/usr/bin/cc   -fopenmp=libiomp5 -v -isysroot /Applications/Xcode.app/Contents/Developer/Platforms/MacOSX.platform/Developer/SDKs/MacOSX10.15.sdk   -o CMakeFiles/cmTC_5713b.dir/OpenMPTryFlag.c.o   -c /Users/daweishi/Desktop/temp/singleeyefitter/spii/src/spii-build/CMakeFiles/FindOpenMP/OpenMPTryFlag.c
Apple clang version 11.0.0 (clang-1100.0.33.17)
Target: x86_64-apple-darwin19.2.0
Thread model: posix
InstalledDir: /Applications/Xcode.app/Contents/Developer/Toolchains/XcodeDefault.xctoolchain/usr/bin
clang: error: unsupported argument 'libiomp5' to option 'fopenmp='
make[4]: *** [CMakeFiles/cmTC_5713b.dir/OpenMPTryFlag.c.o] Error 1
make[3]: *** [cmTC_5713b/fast] Error 2



Detecting C OpenMP failed with the following output:
Change Dir: /Users/daweishi/Desktop/temp/singleeyefitter/spii/src/spii-build/CMakeFiles/CMakeTmp

Run Build Command(s):/usr/bin/make cmTC_557aa/fast && /Applications/Xcode.app/Contents/Developer/usr/bin/make -f CMakeFiles/cmTC_557aa.dir/build.make CMakeFiles/cmTC_557aa.dir/build
Building C object CMakeFiles/cmTC_557aa.dir/OpenMPTryFlag.c.o
/Applications/Xcode.app/Contents/Developer/Toolchains/XcodeDefault.xctoolchain/usr/bin/cc   -fopenmp -v -isysroot /Applications/Xcode.app/Contents/Developer/Platforms/MacOSX.platform/Developer/SDKs/MacOSX10.15.sdk   -o CMakeFiles/cmTC_557aa.dir/OpenMPTryFlag.c.o   -c /Users/daweishi/Desktop/temp/singleeyefitter/spii/src/spii-build/CMakeFiles/FindOpenMP/OpenMPTryFlag.c
Apple clang version 11.0.0 (clang-1100.0.33.17)
Target: x86_64-apple-darwin19.2.0
Thread model: posix
InstalledDir: /Applications/Xcode.app/Contents/Developer/Toolchains/XcodeDefault.xctoolchain/usr/bin
clang: error: unsupported option '-fopenmp'
make[4]: *** [CMakeFiles/cmTC_557aa.dir/OpenMPTryFlag.c.o] Error 1
make[3]: *** [cmTC_557aa/fast] Error 2



Detecting CXX OpenMP failed with the following output:
Change Dir: /Users/daweishi/Desktop/temp/singleeyefitter/spii/src/spii-build/CMakeFiles/CMakeTmp

Run Build Command(s):/usr/bin/make cmTC_35d67/fast && /Applications/Xcode.app/Contents/Developer/usr/bin/make -f CMakeFiles/cmTC_35d67.dir/build.make CMakeFiles/cmTC_35d67.dir/build
Building CXX object CMakeFiles/cmTC_35d67.dir/OpenMPTryFlag.cpp.o
/Applications/Xcode.app/Contents/Developer/Toolchains/XcodeDefault.xctoolchain/usr/bin/c++    -fopenmp=libomp -v -isysroot /Applications/Xcode.app/Contents/Developer/Platforms/MacOSX.platform/Developer/SDKs/MacOSX10.15.sdk   -o CMakeFiles/cmTC_35d67.dir/OpenMPTryFlag.cpp.o -c /Users/daweishi/Desktop/temp/singleeyefitter/spii/src/spii-build/CMakeFiles/FindOpenMP/OpenMPTryFlag.cpp
Apple clang version 11.0.0 (clang-1100.0.33.17)
Target: x86_64-apple-darwin19.2.0
Thread model: posix
InstalledDir: /Applications/Xcode.app/Contents/Developer/Toolchains/XcodeDefault.xctoolchain/usr/bin
clang: error: unsupported argument 'libomp' to option 'fopenmp='
make[4]: *** [CMakeFiles/cmTC_35d67.dir/OpenMPTryFlag.cpp.o] Error 1
make[3]: *** [cmTC_35d67/fast] Error 2



Detecting CXX OpenMP failed with the following output:
Change Dir: /Users/daweishi/Desktop/temp/singleeyefitter/spii/src/spii-build/CMakeFiles/CMakeTmp

Run Build Command(s):/usr/bin/make cmTC_e9454/fast && /Applications/Xcode.app/Contents/Developer/usr/bin/make -f CMakeFiles/cmTC_e9454.dir/build.make CMakeFiles/cmTC_e9454.dir/build
Building CXX object CMakeFiles/cmTC_e9454.dir/OpenMPTryFlag.cpp.o
/Applications/Xcode.app/Contents/Developer/Toolchains/XcodeDefault.xctoolchain/usr/bin/c++    -fopenmp=libiomp5 -v -isysroot /Applications/Xcode.app/Contents/Developer/Platforms/MacOSX.platform/Developer/SDKs/MacOSX10.15.sdk   -o CMakeFiles/cmTC_e9454.dir/OpenMPTryFlag.cpp.o -c /Users/daweishi/Desktop/temp/singleeyefitter/spii/src/spii-build/CMakeFiles/FindOpenMP/OpenMPTryFlag.cpp
Apple clang version 11.0.0 (clang-1100.0.33.17)
Target: x86_64-apple-darwin19.2.0
Thread model: posix
InstalledDir: /Applications/Xcode.app/Contents/Developer/Toolchains/XcodeDefault.xctoolchain/usr/bin
clang: error: unsupported argument 'libiomp5' to option 'fopenmp='
make[4]: *** [CMakeFiles/cmTC_e9454.dir/OpenMPTryFlag.cpp.o] Error 1
make[3]: *** [cmTC_e9454/fast] Error 2



Detecting CXX OpenMP failed with the following output:
Change Dir: /Users/daweishi/Desktop/temp/singleeyefitter/spii/src/spii-build/CMakeFiles/CMakeTmp

Run Build Command(s):/usr/bin/make cmTC_b4fb0/fast && /Applications/Xcode.app/Contents/Developer/usr/bin/make -f CMakeFiles/cmTC_b4fb0.dir/build.make CMakeFiles/cmTC_b4fb0.dir/build
Building CXX object CMakeFiles/cmTC_b4fb0.dir/OpenMPTryFlag.cpp.o
/Applications/Xcode.app/Contents/Developer/Toolchains/XcodeDefault.xctoolchain/usr/bin/c++    -fopenmp -v -isysroot /Applications/Xcode.app/Contents/Developer/Platforms/MacOSX.platform/Developer/SDKs/MacOSX10.15.sdk   -o CMakeFiles/cmTC_b4fb0.dir/OpenMPTryFlag.cpp.o -c /Users/daweishi/Desktop/temp/singleeyefitter/spii/src/spii-build/CMakeFiles/FindOpenMP/OpenMPTryFlag.cpp
Apple clang version 11.0.0 (clang-1100.0.33.17)
Target: x86_64-apple-darwin19.2.0
Thread model: posix
InstalledDir: /Applications/Xcode.app/Contents/Developer/Toolchains/XcodeDefault.xctoolchain/usr/bin
clang: error: unsupported option '-fopenmp'
make[4]: *** [CMakeFiles/cmTC_b4fb0.dir/OpenMPTryFlag.cpp.o] Error 1
make[3]: *** [cmTC_b4fb0/fast] Error 2



Detecting C OpenMP failed with the following output:
Change Dir: /Users/daweishi/Desktop/2019FALL/Capstone/AR/EyeTrackingAR/eye_fitter/singleeyefitter/spii/src/spii-build/CMakeFiles/CMakeTmp

Run Build Command(s):/usr/bin/make cmTC_6dfb0/fast && /Applications/Xcode.app/Contents/Developer/usr/bin/make -f CMakeFiles/cmTC_6dfb0.dir/build.make CMakeFiles/cmTC_6dfb0.dir/build
Building C object CMakeFiles/cmTC_6dfb0.dir/OpenMPTryFlag.c.o
/Applications/Xcode.app/Contents/Developer/Toolchains/XcodeDefault.xctoolchain/usr/bin/cc   -fopenmp=libomp -v -isysroot /Applications/Xcode.app/Contents/Developer/Platforms/MacOSX.platform/Developer/SDKs/MacOSX10.15.sdk   -o CMakeFiles/cmTC_6dfb0.dir/OpenMPTryFlag.c.o   -c /Users/daweishi/Desktop/2019FALL/Capstone/AR/EyeTrackingAR/eye_fitter/singleeyefitter/spii/src/spii-build/CMakeFiles/FindOpenMP/OpenMPTryFlag.c
Apple clang version 11.0.0 (clang-1100.0.33.17)
Target: x86_64-apple-darwin19.2.0
Thread model: posix
InstalledDir: /Applications/Xcode.app/Contents/Developer/Toolchains/XcodeDefault.xctoolchain/usr/bin
clang: error: unsupported argument 'libomp' to option 'fopenmp='
make[4]: *** [CMakeFiles/cmTC_6dfb0.dir/OpenMPTryFlag.c.o] Error 1
make[3]: *** [cmTC_6dfb0/fast] Error 2



Detecting C OpenMP failed with the following output:
Change Dir: /Users/daweishi/Desktop/2019FALL/Capstone/AR/EyeTrackingAR/eye_fitter/singleeyefitter/spii/src/spii-build/CMakeFiles/CMakeTmp

Run Build Command(s):/usr/bin/make cmTC_2efcb/fast && /Applications/Xcode.app/Contents/Developer/usr/bin/make -f CMakeFiles/cmTC_2efcb.dir/build.make CMakeFiles/cmTC_2efcb.dir/build
Building C object CMakeFiles/cmTC_2efcb.dir/OpenMPTryFlag.c.o
/Applications/Xcode.app/Contents/Developer/Toolchains/XcodeDefault.xctoolchain/usr/bin/cc   -fopenmp=libiomp5 -v -isysroot /Applications/Xcode.app/Contents/Developer/Platforms/MacOSX.platform/Developer/SDKs/MacOSX10.15.sdk   -o CMakeFiles/cmTC_2efcb.dir/OpenMPTryFlag.c.o   -c /Users/daweishi/Desktop/2019FALL/Capstone/AR/EyeTrackingAR/eye_fitter/singleeyefitter/spii/src/spii-build/CMakeFiles/FindOpenMP/OpenMPTryFlag.c
Apple clang version 11.0.0 (clang-1100.0.33.17)
Target: x86_64-apple-darwin19.2.0
Thread model: posix
InstalledDir: /Applications/Xcode.app/Contents/Developer/Toolchains/XcodeDefault.xctoolchain/usr/bin
clang: error: unsupported argument 'libiomp5' to option 'fopenmp='
make[4]: *** [CMakeFiles/cmTC_2efcb.dir/OpenMPTryFlag.c.o] Error 1
make[3]: *** [cmTC_2efcb/fast] Error 2



Detecting C OpenMP failed with the following output:
Change Dir: /Users/daweishi/Desktop/2019FALL/Capstone/AR/EyeTrackingAR/eye_fitter/singleeyefitter/spii/src/spii-build/CMakeFiles/CMakeTmp

Run Build Command(s):/usr/bin/make cmTC_c6dee/fast && /Applications/Xcode.app/Contents/Developer/usr/bin/make -f CMakeFiles/cmTC_c6dee.dir/build.make CMakeFiles/cmTC_c6dee.dir/build
Building C object CMakeFiles/cmTC_c6dee.dir/OpenMPTryFlag.c.o
/Applications/Xcode.app/Contents/Developer/Toolchains/XcodeDefault.xctoolchain/usr/bin/cc   -fopenmp -v -isysroot /Applications/Xcode.app/Contents/Developer/Platforms/MacOSX.platform/Developer/SDKs/MacOSX10.15.sdk   -o CMakeFiles/cmTC_c6dee.dir/OpenMPTryFlag.c.o   -c /Users/daweishi/Desktop/2019FALL/Capstone/AR/EyeTrackingAR/eye_fitter/singleeyefitter/spii/src/spii-build/CMakeFiles/FindOpenMP/OpenMPTryFlag.c
Apple clang version 11.0.0 (clang-1100.0.33.17)
Target: x86_64-apple-darwin19.2.0
Thread model: posix
InstalledDir: /Applications/Xcode.app/Contents/Developer/Toolchains/XcodeDefault.xctoolchain/usr/bin
clang: error: unsupported option '-fopenmp'
make[4]: *** [CMakeFiles/cmTC_c6dee.dir/OpenMPTryFlag.c.o] Error 1
make[3]: *** [cmTC_c6dee/fast] Error 2



Detecting CXX OpenMP failed with the following output:
Change Dir: /Users/daweishi/Desktop/2019FALL/Capstone/AR/EyeTrackingAR/eye_fitter/singleeyefitter/spii/src/spii-build/CMakeFiles/CMakeTmp

Run Build Command(s):/usr/bin/make cmTC_fa5bc/fast && /Applications/Xcode.app/Contents/Developer/usr/bin/make -f CMakeFiles/cmTC_fa5bc.dir/build.make CMakeFiles/cmTC_fa5bc.dir/build
Building CXX object CMakeFiles/cmTC_fa5bc.dir/OpenMPTryFlag.cpp.o
/Applications/Xcode.app/Contents/Developer/Toolchains/XcodeDefault.xctoolchain/usr/bin/c++    -fopenmp=libomp -v -isysroot /Applications/Xcode.app/Contents/Developer/Platforms/MacOSX.platform/Developer/SDKs/MacOSX10.15.sdk   -o CMakeFiles/cmTC_fa5bc.dir/OpenMPTryFlag.cpp.o -c /Users/daweishi/Desktop/2019FALL/Capstone/AR/EyeTrackingAR/eye_fitter/singleeyefitter/spii/src/spii-build/CMakeFiles/FindOpenMP/OpenMPTryFlag.cpp
Apple clang version 11.0.0 (clang-1100.0.33.17)
Target: x86_64-apple-darwin19.2.0
Thread model: posix
InstalledDir: /Applications/Xcode.app/Contents/Developer/Toolchains/XcodeDefault.xctoolchain/usr/bin
clang: error: unsupported argument 'libomp' to option 'fopenmp='
make[4]: *** [CMakeFiles/cmTC_fa5bc.dir/OpenMPTryFlag.cpp.o] Error 1
make[3]: *** [cmTC_fa5bc/fast] Error 2



Detecting CXX OpenMP failed with the following output:
Change Dir: /Users/daweishi/Desktop/2019FALL/Capstone/AR/EyeTrackingAR/eye_fitter/singleeyefitter/spii/src/spii-build/CMakeFiles/CMakeTmp

Run Build Command(s):/usr/bin/make cmTC_4923c/fast && /Applications/Xcode.app/Contents/Developer/usr/bin/make -f CMakeFiles/cmTC_4923c.dir/build.make CMakeFiles/cmTC_4923c.dir/build
Building CXX object CMakeFiles/cmTC_4923c.dir/OpenMPTryFlag.cpp.o
/Applications/Xcode.app/Contents/Developer/Toolchains/XcodeDefault.xctoolchain/usr/bin/c++    -fopenmp=libiomp5 -v -isysroot /Applications/Xcode.app/Contents/Developer/Platforms/MacOSX.platform/Developer/SDKs/MacOSX10.15.sdk   -o CMakeFiles/cmTC_4923c.dir/OpenMPTryFlag.cpp.o -c /Users/daweishi/Desktop/2019FALL/Capstone/AR/EyeTrackingAR/eye_fitter/singleeyefitter/spii/src/spii-build/CMakeFiles/FindOpenMP/OpenMPTryFlag.cpp
Apple clang version 11.0.0 (clang-1100.0.33.17)
Target: x86_64-apple-darwin19.2.0
Thread model: posix
InstalledDir: /Applications/Xcode.app/Contents/Developer/Toolchains/XcodeDefault.xctoolchain/usr/bin
clang: error: unsupported argument 'libiomp5' to option 'fopenmp='
make[4]: *** [CMakeFiles/cmTC_4923c.dir/OpenMPTryFlag.cpp.o] Error 1
make[3]: *** [cmTC_4923c/fast] Error 2



Detecting CXX OpenMP failed with the following output:
Change Dir: /Users/daweishi/Desktop/2019FALL/Capstone/AR/EyeTrackingAR/eye_fitter/singleeyefitter/spii/src/spii-build/CMakeFiles/CMakeTmp

Run Build Command(s):/usr/bin/make cmTC_14e2b/fast && /Applications/Xcode.app/Contents/Developer/usr/bin/make -f CMakeFiles/cmTC_14e2b.dir/build.make CMakeFiles/cmTC_14e2b.dir/build
Building CXX object CMakeFiles/cmTC_14e2b.dir/OpenMPTryFlag.cpp.o
/Applications/Xcode.app/Contents/Developer/Toolchains/XcodeDefault.xctoolchain/usr/bin/c++    -fopenmp -v -isysroot /Applications/Xcode.app/Contents/Developer/Platforms/MacOSX.platform/Developer/SDKs/MacOSX10.15.sdk   -o CMakeFiles/cmTC_14e2b.dir/OpenMPTryFlag.cpp.o -c /Users/daweishi/Desktop/2019FALL/Capstone/AR/EyeTrackingAR/eye_fitter/singleeyefitter/spii/src/spii-build/CMakeFiles/FindOpenMP/OpenMPTryFlag.cpp
Apple clang version 11.0.0 (clang-1100.0.33.17)
Target: x86_64-apple-darwin19.2.0
Thread model: posix
InstalledDir: /Applications/Xcode.app/Contents/Developer/Toolchains/XcodeDefault.xctoolchain/usr/bin
clang: error: unsupported option '-fopenmp'
make[4]: *** [CMakeFiles/cmTC_14e2b.dir/OpenMPTryFlag.cpp.o] Error 1
make[3]: *** [cmTC_14e2b/fast] Error 2



Detecting C OpenMP failed with the following output:
Change Dir: /Users/daweishi/Desktop/2019FALL/Capstone/AR/EyeTrackingAR/eye_fitter/singleeyefitter/spii/src/spii-build/CMakeFiles/CMakeTmp

Run Build Command(s):/usr/bin/make cmTC_b3dde/fast && /Applications/Xcode.app/Contents/Developer/usr/bin/make -f CMakeFiles/cmTC_b3dde.dir/build.make CMakeFiles/cmTC_b3dde.dir/build
Building C object CMakeFiles/cmTC_b3dde.dir/OpenMPTryFlag.c.o
/Applications/Xcode.app/Contents/Developer/Toolchains/XcodeDefault.xctoolchain/usr/bin/cc   -fopenmp=libomp -v -isysroot /Applications/Xcode.app/Contents/Developer/Platforms/MacOSX.platform/Developer/SDKs/MacOSX10.15.sdk   -o CMakeFiles/cmTC_b3dde.dir/OpenMPTryFlag.c.o   -c /Users/daweishi/Desktop/2019FALL/Capstone/AR/EyeTrackingAR/eye_fitter/singleeyefitter/spii/src/spii-build/CMakeFiles/FindOpenMP/OpenMPTryFlag.c
Apple clang version 11.0.0 (clang-1100.0.33.17)
Target: x86_64-apple-darwin19.2.0
Thread model: posix
InstalledDir: /Applications/Xcode.app/Contents/Developer/Toolchains/XcodeDefault.xctoolchain/usr/bin
clang: error: unsupported argument 'libomp' to option 'fopenmp='
make[4]: *** [CMakeFiles/cmTC_b3dde.dir/OpenMPTryFlag.c.o] Error 1
make[3]: *** [cmTC_b3dde/fast] Error 2



Detecting C OpenMP failed with the following output:
Change Dir: /Users/daweishi/Desktop/2019FALL/Capstone/AR/EyeTrackingAR/eye_fitter/singleeyefitter/spii/src/spii-build/CMakeFiles/CMakeTmp

Run Build Command(s):/usr/bin/make cmTC_d0249/fast && /Applications/Xcode.app/Contents/Developer/usr/bin/make -f CMakeFiles/cmTC_d0249.dir/build.make CMakeFiles/cmTC_d0249.dir/build
Building C object CMakeFiles/cmTC_d0249.dir/OpenMPTryFlag.c.o
/Applications/Xcode.app/Contents/Developer/Toolchains/XcodeDefault.xctoolchain/usr/bin/cc   -fopenmp=libiomp5 -v -isysroot /Applications/Xcode.app/Contents/Developer/Platforms/MacOSX.platform/Developer/SDKs/MacOSX10.15.sdk   -o CMakeFiles/cmTC_d0249.dir/OpenMPTryFlag.c.o   -c /Users/daweishi/Desktop/2019FALL/Capstone/AR/EyeTrackingAR/eye_fitter/singleeyefitter/spii/src/spii-build/CMakeFiles/FindOpenMP/OpenMPTryFlag.c
Apple clang version 11.0.0 (clang-1100.0.33.17)
Target: x86_64-apple-darwin19.2.0
Thread model: posix
InstalledDir: /Applications/Xcode.app/Contents/Developer/Toolchains/XcodeDefault.xctoolchain/usr/bin
clang: error: unsupported argument 'libiomp5' to option 'fopenmp='
make[4]: *** [CMakeFiles/cmTC_d0249.dir/OpenMPTryFlag.c.o] Error 1
make[3]: *** [cmTC_d0249/fast] Error 2



Detecting C OpenMP failed with the following output:
Change Dir: /Users/daweishi/Desktop/2019FALL/Capstone/AR/EyeTrackingAR/eye_fitter/singleeyefitter/spii/src/spii-build/CMakeFiles/CMakeTmp

Run Build Command(s):/usr/bin/make cmTC_9c188/fast && /Applications/Xcode.app/Contents/Developer/usr/bin/make -f CMakeFiles/cmTC_9c188.dir/build.make CMakeFiles/cmTC_9c188.dir/build
Building C object CMakeFiles/cmTC_9c188.dir/OpenMPTryFlag.c.o
/Applications/Xcode.app/Contents/Developer/Toolchains/XcodeDefault.xctoolchain/usr/bin/cc   -fopenmp -v -isysroot /Applications/Xcode.app/Contents/Developer/Platforms/MacOSX.platform/Developer/SDKs/MacOSX10.15.sdk   -o CMakeFiles/cmTC_9c188.dir/OpenMPTryFlag.c.o   -c /Users/daweishi/Desktop/2019FALL/Capstone/AR/EyeTrackingAR/eye_fitter/singleeyefitter/spii/src/spii-build/CMakeFiles/FindOpenMP/OpenMPTryFlag.c
Apple clang version 11.0.0 (clang-1100.0.33.17)
Target: x86_64-apple-darwin19.2.0
Thread model: posix
InstalledDir: /Applications/Xcode.app/Contents/Developer/Toolchains/XcodeDefault.xctoolchain/usr/bin
clang: error: unsupported option '-fopenmp'
make[4]: *** [CMakeFiles/cmTC_9c188.dir/OpenMPTryFlag.c.o] Error 1
make[3]: *** [cmTC_9c188/fast] Error 2



Detecting CXX OpenMP failed with the following output:
Change Dir: /Users/daweishi/Desktop/2019FALL/Capstone/AR/EyeTrackingAR/eye_fitter/singleeyefitter/spii/src/spii-build/CMakeFiles/CMakeTmp

Run Build Command(s):/usr/bin/make cmTC_4281c/fast && /Applications/Xcode.app/Contents/Developer/usr/bin/make -f CMakeFiles/cmTC_4281c.dir/build.make CMakeFiles/cmTC_4281c.dir/build
Building CXX object CMakeFiles/cmTC_4281c.dir/OpenMPTryFlag.cpp.o
/Applications/Xcode.app/Contents/Developer/Toolchains/XcodeDefault.xctoolchain/usr/bin/c++    -fopenmp=libomp -v -isysroot /Applications/Xcode.app/Contents/Developer/Platforms/MacOSX.platform/Developer/SDKs/MacOSX10.15.sdk   -o CMakeFiles/cmTC_4281c.dir/OpenMPTryFlag.cpp.o -c /Users/daweishi/Desktop/2019FALL/Capstone/AR/EyeTrackingAR/eye_fitter/singleeyefitter/spii/src/spii-build/CMakeFiles/FindOpenMP/OpenMPTryFlag.cpp
Apple clang version 11.0.0 (clang-1100.0.33.17)
Target: x86_64-apple-darwin19.2.0
Thread model: posix
InstalledDir: /Applications/Xcode.app/Contents/Developer/Toolchains/XcodeDefault.xctoolchain/usr/bin
clang: error: unsupported argument 'libomp' to option 'fopenmp='
make[4]: *** [CMakeFiles/cmTC_4281c.dir/OpenMPTryFlag.cpp.o] Error 1
make[3]: *** [cmTC_4281c/fast] Error 2



Detecting CXX OpenMP failed with the following output:
Change Dir: /Users/daweishi/Desktop/2019FALL/Capstone/AR/EyeTrackingAR/eye_fitter/singleeyefitter/spii/src/spii-build/CMakeFiles/CMakeTmp

Run Build Command(s):/usr/bin/make cmTC_eb77d/fast && /Applications/Xcode.app/Contents/Developer/usr/bin/make -f CMakeFiles/cmTC_eb77d.dir/build.make CMakeFiles/cmTC_eb77d.dir/build
Building CXX object CMakeFiles/cmTC_eb77d.dir/OpenMPTryFlag.cpp.o
/Applications/Xcode.app/Contents/Developer/Toolchains/XcodeDefault.xctoolchain/usr/bin/c++    -fopenmp=libiomp5 -v -isysroot /Applications/Xcode.app/Contents/Developer/Platforms/MacOSX.platform/Developer/SDKs/MacOSX10.15.sdk   -o CMakeFiles/cmTC_eb77d.dir/OpenMPTryFlag.cpp.o -c /Users/daweishi/Desktop/2019FALL/Capstone/AR/EyeTrackingAR/eye_fitter/singleeyefitter/spii/src/spii-build/CMakeFiles/FindOpenMP/OpenMPTryFlag.cpp
Apple clang version 11.0.0 (clang-1100.0.33.17)
Target: x86_64-apple-darwin19.2.0
Thread model: posix
InstalledDir: /Applications/Xcode.app/Contents/Developer/Toolchains/XcodeDefault.xctoolchain/usr/bin
clang: error: unsupported argument 'libiomp5' to option 'fopenmp='
make[4]: *** [CMakeFiles/cmTC_eb77d.dir/OpenMPTryFlag.cpp.o] Error 1
make[3]: *** [cmTC_eb77d/fast] Error 2



Detecting CXX OpenMP failed with the following output:
Change Dir: /Users/daweishi/Desktop/2019FALL/Capstone/AR/EyeTrackingAR/eye_fitter/singleeyefitter/spii/src/spii-build/CMakeFiles/CMakeTmp

Run Build Command(s):/usr/bin/make cmTC_44fe5/fast && /Applications/Xcode.app/Contents/Developer/usr/bin/make -f CMakeFiles/cmTC_44fe5.dir/build.make CMakeFiles/cmTC_44fe5.dir/build
Building CXX object CMakeFiles/cmTC_44fe5.dir/OpenMPTryFlag.cpp.o
/Applications/Xcode.app/Contents/Developer/Toolchains/XcodeDefault.xctoolchain/usr/bin/c++    -fopenmp -v -isysroot /Applications/Xcode.app/Contents/Developer/Platforms/MacOSX.platform/Developer/SDKs/MacOSX10.15.sdk   -o CMakeFiles/cmTC_44fe5.dir/OpenMPTryFlag.cpp.o -c /Users/daweishi/Desktop/2019FALL/Capstone/AR/EyeTrackingAR/eye_fitter/singleeyefitter/spii/src/spii-build/CMakeFiles/FindOpenMP/OpenMPTryFlag.cpp
Apple clang version 11.0.0 (clang-1100.0.33.17)
Target: x86_64-apple-darwin19.2.0
Thread model: posix
InstalledDir: /Applications/Xcode.app/Contents/Developer/Toolchains/XcodeDefault.xctoolchain/usr/bin
clang: error: unsupported option '-fopenmp'
make[4]: *** [CMakeFiles/cmTC_44fe5.dir/OpenMPTryFlag.cpp.o] Error 1
make[3]: *** [cmTC_44fe5/fast] Error 2



